Using pre-set license
Built from '2022.3/staging' branch; Version is '2022.3.44f1 (c3ae09b9f03c) revision 12824073'; Using compiler version '192829333'; Build Type 'Release'
OS: 'Windows 11  (10.0.22631) 64bit CoreCountrySpecific' Language: 'zh' Physical Memory: 32499 MB
BatchMode: 1, IsHumanControllingUs: 0, StartBugReporterOnCrash: 0, Is64bit: 1, IsPro: 1

COMMAND LINE ARGUMENTS:
D:\Unity\Editor\2022.3.44f1\Editor\Unity.exe
-adb2
-batchMode
-noUpm
-name
AssetImportWorker1
-projectPath
E:/Documents/UnityProjects/xLua
-logFile
Logs/AssetImportWorker1.log
-srvPort
3767
Successfully changed project path to: E:/Documents/UnityProjects/xLua
E:/Documents/UnityProjects/xLua
[UnityMemory] Configuration Parameters - Can be set up in boot.config
    "memorysetup-bucket-allocator-granularity=16"
    "memorysetup-bucket-allocator-bucket-count=8"
    "memorysetup-bucket-allocator-block-size=33554432"
    "memorysetup-bucket-allocator-block-count=8"
    "memorysetup-main-allocator-block-size=16777216"
    "memorysetup-thread-allocator-block-size=16777216"
    "memorysetup-gfx-main-allocator-block-size=16777216"
    "memorysetup-gfx-thread-allocator-block-size=16777216"
    "memorysetup-cache-allocator-block-size=4194304"
    "memorysetup-typetree-allocator-block-size=2097152"
    "memorysetup-profiler-bucket-allocator-granularity=16"
    "memorysetup-profiler-bucket-allocator-bucket-count=8"
    "memorysetup-profiler-bucket-allocator-block-size=33554432"
    "memorysetup-profiler-bucket-allocator-block-count=8"
    "memorysetup-profiler-allocator-block-size=16777216"
    "memorysetup-profiler-editor-allocator-block-size=1048576"
    "memorysetup-temp-allocator-size-main=16777216"
    "memorysetup-job-temp-allocator-block-size=2097152"
    "memorysetup-job-temp-allocator-block-size-background=1048576"
    "memorysetup-job-temp-allocator-reduction-small-platforms=262144"
    "memorysetup-allocator-temp-initial-block-size-main=262144"
    "memorysetup-allocator-temp-initial-block-size-worker=262144"
    "memorysetup-temp-allocator-size-background-worker=32768"
    "memorysetup-temp-allocator-size-job-worker=262144"
    "memorysetup-temp-allocator-size-preload-manager=33554432"
    "memorysetup-temp-allocator-size-nav-mesh-worker=65536"
    "memorysetup-temp-allocator-size-audio-worker=65536"
    "memorysetup-temp-allocator-size-cloud-worker=32768"
    "memorysetup-temp-allocator-size-gi-baking-worker=262144"
    "memorysetup-temp-allocator-size-gfx=262144"
Player connection [33144]  Target information:

Player connection [33144]  * "[IP] 192.168.71.94 [Port] 0 [Flags] 2 [Guid] 1931825386 [EditorId] 1931825386 [Version] 1048832 [Id] WindowsEditor(7,DESKTOP-4RHEKLQ) [Debug] 1 [PackageName] WindowsEditor [ProjectName] Editor" 

Player connection [33144] Host joined multi-casting on [225.0.0.222:54997]...
Player connection [33144] Host joined alternative multi-casting on [225.0.0.222:34997]...
[PhysX] Initialized MultithreadedTaskDispatcher with 24 workers.
Refreshing native plugins compatible for Editor in 0.90 ms, found 1 plugins.
Preloading 0 native plugins for Editor in 0.00 ms.
Initialize engine version: 2022.3.44f1 (c3ae09b9f03c)
[Subsystems] Discovering subsystems at path D:/Unity/Editor/2022.3.44f1/Editor/Data/Resources/UnitySubsystems
[Subsystems] Discovering subsystems at path E:/Documents/UnityProjects/xLua/Assets
GfxDevice: creating device client; threaded=0; jobified=0
Direct3D:
    Version:  Direct3D 11.0 [level 11.1]
    Renderer: NVIDIA GeForce RTX 4070 Laptop GPU (ID=0x2820)
    Vendor:   NVIDIA
    VRAM:     7948 MB
    Driver:   32.0.15.5607
Initialize mono
Mono path[0] = 'D:/Unity/Editor/2022.3.44f1/Editor/Data/Managed'
Mono path[1] = 'D:/Unity/Editor/2022.3.44f1/Editor/Data/MonoBleedingEdge/lib/mono/unityjit-win32'
Mono config path = 'D:/Unity/Editor/2022.3.44f1/Editor/Data/MonoBleedingEdge/etc'
Using monoOptions --debugger-agent=transport=dt_socket,embedding=1,server=y,suspend=n,address=127.0.0.1:56904
Begin MonoManager ReloadAssembly
Registering precompiled unity dll's ...
Register platform support module: D:/Unity/Editor/2022.3.44f1/Editor/Data/PlaybackEngines/WebGLSupport/UnityEditor.WebGL.Extensions.dll
Register platform support module: D:/Unity/Editor/2022.3.44f1/Editor/Data/PlaybackEngines/WindowsStandaloneSupport/UnityEditor.WindowsStandalone.Extensions.dll
Registered in 0.001614 seconds.
- Loaded All Assemblies, in  0.208 seconds
Native extension for WindowsStandalone target not found
Native extension for WebGL target not found
Mono: successfully reloaded assembly
- Finished resetting the current domain, in  0.173 seconds
Domain Reload Profiling: 381ms
	BeginReloadAssembly (60ms)
		ExecutionOrderSort (0ms)
		DisableScriptedObjects (0ms)
		BackupInstance (0ms)
		ReleaseScriptingObjects (0ms)
		CreateAndSetChildDomain (0ms)
	RebuildCommonClasses (20ms)
	RebuildNativeTypeToScriptingClass (7ms)
	initialDomainReloadingComplete (30ms)
	LoadAllAssembliesAndSetupDomain (90ms)
		LoadAssemblies (60ms)
		RebuildTransferFunctionScriptingTraits (0ms)
		AnalyzeDomain (89ms)
			TypeCache.Refresh (88ms)
				TypeCache.ScanAssembly (80ms)
			ScanForSourceGeneratedMonoScriptInfo (0ms)
			ResolveRequiredComponents (0ms)
	FinalizeReload (173ms)
		ReleaseScriptCaches (0ms)
		RebuildScriptCaches (0ms)
		SetupLoadedEditorAssemblies (143ms)
			LogAssemblyErrors (0ms)
			InitializePlatformSupportModulesInManaged (6ms)
			SetLoadedEditorAssemblies (4ms)
			RefreshPlugins (0ms)
			BeforeProcessingInitializeOnLoad (2ms)
			ProcessInitializeOnLoadAttributes (98ms)
			ProcessInitializeOnLoadMethodAttributes (34ms)
			AfterProcessingInitializeOnLoad (0ms)
			EditorAssembliesLoaded (0ms)
		ExecutionOrderSort2 (0ms)
		AwakeInstancesAfterBackupRestoration (0ms)
========================================================================
Worker process is ready to serve import requests
Caller must complete domain reload
Begin MonoManager ReloadAssembly
- Loaded All Assemblies, in  0.140 seconds
Native extension for WindowsStandalone target not found
Native extension for WebGL target not found
Mono: successfully reloaded assembly
- Finished resetting the current domain, in  0.239 seconds
Domain Reload Profiling: 380ms
	BeginReloadAssembly (91ms)
		ExecutionOrderSort (0ms)
		DisableScriptedObjects (4ms)
		BackupInstance (0ms)
		ReleaseScriptingObjects (0ms)
		CreateAndSetChildDomain (14ms)
	RebuildCommonClasses (24ms)
	RebuildNativeTypeToScriptingClass (7ms)
	initialDomainReloadingComplete (13ms)
	LoadAllAssembliesAndSetupDomain (4ms)
		LoadAssemblies (51ms)
		RebuildTransferFunctionScriptingTraits (0ms)
		AnalyzeDomain (3ms)
			TypeCache.Refresh (2ms)
				TypeCache.ScanAssembly (0ms)
			ScanForSourceGeneratedMonoScriptInfo (0ms)
			ResolveRequiredComponents (0ms)
	FinalizeReload (240ms)
		ReleaseScriptCaches (0ms)
		RebuildScriptCaches (0ms)
		SetupLoadedEditorAssemblies (146ms)
			LogAssemblyErrors (0ms)
			InitializePlatformSupportModulesInManaged (4ms)
			SetLoadedEditorAssemblies (4ms)
			RefreshPlugins (0ms)
			BeforeProcessingInitializeOnLoad (16ms)
			ProcessInitializeOnLoadAttributes (105ms)
			ProcessInitializeOnLoadMethodAttributes (15ms)
			AfterProcessingInitializeOnLoad (1ms)
			EditorAssembliesLoaded (0ms)
		ExecutionOrderSort2 (0ms)
		AwakeInstancesAfterBackupRestoration (6ms)
Launched and connected shader compiler UnityShaderCompiler.exe after 0.03 seconds
Refreshing native plugins compatible for Editor in 0.80 ms, found 1 plugins.
Preloading 0 native plugins for Editor in 0.00 ms.
Unloading 61 Unused Serialized files (Serialized files now loaded: 0)
Unloading 3 unused Assets / (48.8 KB). Loaded Objects now: 532.
Memory consumption went from 51.0 MB to 51.0 MB.
Total: 1.505900 ms (FindLiveObjects: 0.060600 ms CreateObjectMapping: 0.003600 ms MarkObjects: 1.397800 ms  DeleteObjects: 0.042400 ms)

AssetImportParameters requested are different than current active one (requested -> active):
  custom:video-decoder-ogg-theora: a1e56fd34408186e4bbccfd4996cb3dc -> 
  custom:container-muxer-webm: aa71ff27fc2769a1b78a27578f13a17b -> 
  custom:container-demuxer-webm: 4f35f7cbe854078d1ac9338744f61a02 -> 
  custom:video-encoder-webm-vp8: eb34c28f22e8b96e1ab97ce403110664 -> 
  custom:video-codec-MediaFoundation-h265: 746d11721c4dcdbdad8f713fa42b33f4 -> 
  custom:CustomObjectIndexerAttribute: 9a22284fe3817be447336de3de66b15e -> 
  custom:audio-encoder-webm-vorbis: bf7c407c2cedff20999df2af8eb42d56 -> 
  custom:framework-win-MediaFoundation: 216162199b28c13a410421893ffa2e32 -> 
  custom:SearchIndexIgnoredProperties: e643bd26f0fe6173181afceb89e7c659 -> 
  custom:container-demuxer-ogg: 62fdf1f143b41e24485cea50d1cbac27 -> 
  custom:video-decoder-webm-vp8: 9c59270c3fd7afecdb556c50c9e8de78 -> 
  custom:audio-decoder-ogg-vorbis: bf7c407c2cedff20999df2af8eb42d56 -> 
  custom:AudioImporter_EditorPlatform: d09bf68614088b80899f8185d706f6e7 -> 
========================================================================
Received Import Request.
  Time since last request: 266914.463985 seconds.
  path: Assets/Plugins/arm64/libxlua.dylib
  artifactKey: Guid(27cd65c4cc42b42f49caa94f462466de) Importer(2089858483,0ecaa5967403d082aa24f35e1b516d23)
Start importing Assets/Plugins/arm64/libxlua.dylib using Guid(27cd65c4cc42b42f49caa94f462466de) Importer(2089858483,0ecaa5967403d082aa24f35e1b516d23) [PhysX] Initialized MultithreadedTaskDispatcher with 24 workers.
 -> (artifact id: 'a28845935157ebe6534715d84e5c11d6') in 0.064963 seconds
Number of updated asset objects reloaded before import = 0
Number of asset objects unloaded after import = 1
========================================================================
Received Import Request.
  Time since last request: 0.049401 seconds.
  path: Assets/Plugins/x86_64/libxlua.so
  artifactKey: Guid(1055830ddb882704fa71275ed9b2a78d) Importer(2089858483,0ecaa5967403d082aa24f35e1b516d23)
Start importing Assets/Plugins/x86_64/libxlua.so using Guid(1055830ddb882704fa71275ed9b2a78d) Importer(2089858483,0ecaa5967403d082aa24f35e1b516d23) [PhysX] Initialized MultithreadedTaskDispatcher with 24 workers.
 -> (artifact id: '3b8e77033ac385888f73d3d12e84f4d1') in 0.002300 seconds
Number of updated asset objects reloaded before import = 0
Number of asset objects unloaded after import = 1
========================================================================
Received Import Request.
  Time since last request: 0.054524 seconds.
  path: Assets/Plugins/x86_64/xlua.dll
  artifactKey: Guid(abe4c5ca91772ea4fae0ae15603c10e4) Importer(2089858483,0ecaa5967403d082aa24f35e1b516d23)
Start importing Assets/Plugins/x86_64/xlua.dll using Guid(abe4c5ca91772ea4fae0ae15603c10e4) Importer(2089858483,0ecaa5967403d082aa24f35e1b516d23) [PhysX] Initialized MultithreadedTaskDispatcher with 24 workers.
 -> (artifact id: '60c57205cc06ef62eaf56f1ed16f9789') in 0.002867 seconds
Number of updated asset objects reloaded before import = 0
Number of asset objects unloaded after import = 1
========================================================================
Received Import Request.
  Time since last request: 0.054247 seconds.
  path: Assets/XLua/Doc/Custom_Generate_EN.md
  artifactKey: Guid(c0765c3c416e8f746bf142b05be65ea7) Importer(2089858483,0ecaa5967403d082aa24f35e1b516d23)
Start importing Assets/XLua/Doc/Custom_Generate_EN.md using Guid(c0765c3c416e8f746bf142b05be65ea7) Importer(2089858483,0ecaa5967403d082aa24f35e1b516d23) [PhysX] Initialized MultithreadedTaskDispatcher with 24 workers.
 -> (artifact id: 'df57029ea244dee4716fdd8f2eadaa81') in 0.002026 seconds
Number of updated asset objects reloaded before import = 0
Number of asset objects unloaded after import = 1
========================================================================
Received Import Request.
  Time since last request: 0.000073 seconds.
  path: Assets/XLua/Src/StaticLuaCallbacks.cs
  artifactKey: Guid(300ed412007935e45a1546a984b89059) Importer(2089858483,0ecaa5967403d082aa24f35e1b516d23)
Start importing Assets/XLua/Src/StaticLuaCallbacks.cs using Guid(300ed412007935e45a1546a984b89059) Importer(2089858483,0ecaa5967403d082aa24f35e1b516d23) [PhysX] Initialized MultithreadedTaskDispatcher with 24 workers.
 -> (artifact id: 'fc55ff65935a30c89d193b2028a113e9') in 0.008078 seconds
Number of updated asset objects reloaded before import = 0
Number of asset objects unloaded after import = 1
========================================================================
Received Import Request.
  Time since last request: 0.000027 seconds.
  path: Assets/XLua/Examples/08_Hotfix/HotfixTest.unity
  artifactKey: Guid(71b8de6dc619ca64da460a7200f00b9c) Importer(2089858483,0ecaa5967403d082aa24f35e1b516d23)
Start importing Assets/XLua/Examples/08_Hotfix/HotfixTest.unity using Guid(71b8de6dc619ca64da460a7200f00b9c) Importer(2089858483,0ecaa5967403d082aa24f35e1b516d23) [PhysX] Initialized MultithreadedTaskDispatcher with 24 workers.
 -> (artifact id: 'f103047e881a8a309ec559283e696905') in 0.001783 seconds
Number of updated asset objects reloaded before import = 0
Number of asset objects unloaded after import = 1
========================================================================
Received Import Request.
  Time since last request: 0.000040 seconds.
  path: Assets/XLua/Examples/07_AsyncTest/AsyncTest.unity
  artifactKey: Guid(50ee330b40bfcc54cbdfb1c7c79a02d9) Importer(2089858483,0ecaa5967403d082aa24f35e1b516d23)
Start importing Assets/XLua/Examples/07_AsyncTest/AsyncTest.unity using Guid(50ee330b40bfcc54cbdfb1c7c79a02d9) Importer(2089858483,0ecaa5967403d082aa24f35e1b516d23) [PhysX] Initialized MultithreadedTaskDispatcher with 24 workers.
 -> (artifact id: 'ce92a9bd46a370bc343adb45b0daf0b3') in 0.001009 seconds
Number of updated asset objects reloaded before import = 0
Number of asset objects unloaded after import = 1
========================================================================
Received Import Request.
  Time since last request: 0.000031 seconds.
  path: Assets/XLua/Doc/features.md
  artifactKey: Guid(6dcae34981e53564ea1ad644fe0b2f7c) Importer(2089858483,0ecaa5967403d082aa24f35e1b516d23)
Start importing Assets/XLua/Doc/features.md using Guid(6dcae34981e53564ea1ad644fe0b2f7c) Importer(2089858483,0ecaa5967403d082aa24f35e1b516d23) [PhysX] Initialized MultithreadedTaskDispatcher with 24 workers.
 -> (artifact id: '037d7fda0693556ecac14d75a9803305') in 0.001241 seconds
Number of updated asset objects reloaded before import = 0
Number of asset objects unloaded after import = 1
========================================================================
Received Import Request.
  Time since last request: 0.000007 seconds.
  path: Assets/XLua/Examples/02_U3DScripting/U3DScripting.unity
  artifactKey: Guid(6d9b7cd8ac592564796c9c24b3636677) Importer(2089858483,0ecaa5967403d082aa24f35e1b516d23)
Start importing Assets/XLua/Examples/02_U3DScripting/U3DScripting.unity using Guid(6d9b7cd8ac592564796c9c24b3636677) Importer(2089858483,0ecaa5967403d082aa24f35e1b516d23) [PhysX] Initialized MultithreadedTaskDispatcher with 24 workers.
 -> (artifact id: '4bbc5ec28e5871f10b429509a586e0b2') in 0.001069 seconds
Number of updated asset objects reloaded before import = 0
Number of asset objects unloaded after import = 1
========================================================================
Received Import Request.
  Time since last request: 0.000021 seconds.
  path: Assets/XLua/Src/ObjectTranslatorPool.cs
  artifactKey: Guid(069f15dde2065491db1e68ca5fb1279d) Importer(2089858483,0ecaa5967403d082aa24f35e1b516d23)
Start importing Assets/XLua/Src/ObjectTranslatorPool.cs using Guid(069f15dde2065491db1e68ca5fb1279d) Importer(2089858483,0ecaa5967403d082aa24f35e1b516d23) [PhysX] Initialized MultithreadedTaskDispatcher with 24 workers.
 -> (artifact id: 'b75255073cec0cec2860175435c209d4') in 0.001664 seconds
Number of updated asset objects reloaded before import = 0
Number of asset objects unloaded after import = 1
========================================================================
Received Import Request.
  Time since last request: 0.000014 seconds.
  path: Assets/XLua/Examples/09_GenericMethod/GenericMethodExample.cs
  artifactKey: Guid(ce77e35c083e6fe4c88cb64a97466161) Importer(2089858483,0ecaa5967403d082aa24f35e1b516d23)
Start importing Assets/XLua/Examples/09_GenericMethod/GenericMethodExample.cs using Guid(ce77e35c083e6fe4c88cb64a97466161) Importer(2089858483,0ecaa5967403d082aa24f35e1b516d23) [PhysX] Initialized MultithreadedTaskDispatcher with 24 workers.
 -> (artifact id: '33484204c04b09bb0391e1050495c82b') in 0.001362 seconds
Number of updated asset objects reloaded before import = 0
Number of asset objects unloaded after import = 1
========================================================================
Received Import Request.
  Time since last request: 0.000007 seconds.
  path: Assets/XLua/Doc/XLua性能分析工具.md
  artifactKey: Guid(f8b5c3f531c153c409bb336ba21682ab) Importer(2089858483,0ecaa5967403d082aa24f35e1b516d23)
Start importing Assets/XLua/Doc/XLua性能分析工具.md using Guid(f8b5c3f531c153c409bb336ba21682ab) Importer(2089858483,0ecaa5967403d082aa24f35e1b516d23) [PhysX] Initialized MultithreadedTaskDispatcher with 24 workers.
 -> (artifact id: 'bc7e9574b9ee2dac64f61b60ed394d78') in 0.001593 seconds
Number of updated asset objects reloaded before import = 0
Number of asset objects unloaded after import = 1
========================================================================
Received Import Request.
  Time since last request: 0.000022 seconds.
  path: Assets/Plugins/WSA/ARM/xlua.dll
  artifactKey: Guid(cb3d94d8757d66b40b20f0386b52d01d) Importer(2089858483,0ecaa5967403d082aa24f35e1b516d23)
Start importing Assets/Plugins/WSA/ARM/xlua.dll using Guid(cb3d94d8757d66b40b20f0386b52d01d) Importer(2089858483,0ecaa5967403d082aa24f35e1b516d23) [PhysX] Initialized MultithreadedTaskDispatcher with 24 workers.
 -> (artifact id: 'e3da75edc04ce7ab34e31a7b3cea2de8') in 0.001944 seconds
Number of updated asset objects reloaded before import = 0
Number of asset objects unloaded after import = 1
========================================================================
Received Import Request.
  Time since last request: 0.000033 seconds.
  path: Assets/XLua/Src/SignatureLoader.cs
  artifactKey: Guid(5dfa9c69dddc18849bd3c1dfc4ac42de) Importer(2089858483,0ecaa5967403d082aa24f35e1b516d23)
Start importing Assets/XLua/Src/SignatureLoader.cs using Guid(5dfa9c69dddc18849bd3c1dfc4ac42de) Importer(2089858483,0ecaa5967403d082aa24f35e1b516d23) [PhysX] Initialized MultithreadedTaskDispatcher with 24 workers.
 -> (artifact id: '80b3f5553884f460f93da82c10d036a4') in 0.001280 seconds
Number of updated asset objects reloaded before import = 0
Number of asset objects unloaded after import = 1
========================================================================
Received Import Request.
  Time since last request: 0.000039 seconds.
  path: Assets/XLua/Src/LuaEnv.cs
  artifactKey: Guid(1a72df23459239b4d901cdacabd469d1) Importer(2089858483,0ecaa5967403d082aa24f35e1b516d23)
Start importing Assets/XLua/Src/LuaEnv.cs using Guid(1a72df23459239b4d901cdacabd469d1) Importer(2089858483,0ecaa5967403d082aa24f35e1b516d23) [PhysX] Initialized MultithreadedTaskDispatcher with 24 workers.
 -> (artifact id: '7c350777f6a1299b28f25985732eda49') in 0.002092 seconds
Number of updated asset objects reloaded before import = 0
Number of asset objects unloaded after import = 1
========================================================================
Received Import Request.
  Time since last request: 0.000070 seconds.
  path: Assets/XLua/Doc/faq.md
  artifactKey: Guid(13645b7c8597d7840adaff65764ad40f) Importer(2089858483,0ecaa5967403d082aa24f35e1b516d23)
Start importing Assets/XLua/Doc/faq.md using Guid(13645b7c8597d7840adaff65764ad40f) Importer(2089858483,0ecaa5967403d082aa24f35e1b516d23) [PhysX] Initialized MultithreadedTaskDispatcher with 24 workers.
 -> (artifact id: 'e58216eec8df814ed3bc58ca491e3c36') in 0.001020 seconds
Number of updated asset objects reloaded before import = 0
Number of asset objects unloaded after import = 1
========================================================================
Received Import Request.
  Time since last request: 0.000060 seconds.
  path: Assets/XLua/Src/Utils.cs
  artifactKey: Guid(d9c14a5b76adb7d41926526af904beda) Importer(2089858483,0ecaa5967403d082aa24f35e1b516d23)
Start importing Assets/XLua/Src/Utils.cs using Guid(d9c14a5b76adb7d41926526af904beda) Importer(2089858483,0ecaa5967403d082aa24f35e1b516d23) [PhysX] Initialized MultithreadedTaskDispatcher with 24 workers.
 -> (artifact id: '1a385aac6614f4b3b574ca52c39d5660') in 0.001659 seconds
Number of updated asset objects reloaded before import = 0
Number of asset objects unloaded after import = 1
========================================================================
Received Import Request.
  Time since last request: 0.000263 seconds.
  path: Assets/XLua/Src/LuaDLL.cs
  artifactKey: Guid(d60cef534e986e849a829838fbeb74b5) Importer(2089858483,0ecaa5967403d082aa24f35e1b516d23)
Start importing Assets/XLua/Src/LuaDLL.cs using Guid(d60cef534e986e849a829838fbeb74b5) Importer(2089858483,0ecaa5967403d082aa24f35e1b516d23) [PhysX] Initialized MultithreadedTaskDispatcher with 24 workers.
 -> (artifact id: 'dc7fd46bd80867279428af6f37775dab') in 0.001700 seconds
Number of updated asset objects reloaded before import = 0
Number of asset objects unloaded after import = 1
========================================================================
Received Import Request.
  Time since last request: 0.000048 seconds.
  path: Assets/XLua/Examples/01_Helloworld/Helloworld.unity
  artifactKey: Guid(58e2eda480b0c6e41a793391a9fb9a72) Importer(2089858483,0ecaa5967403d082aa24f35e1b516d23)
Start importing Assets/XLua/Examples/01_Helloworld/Helloworld.unity using Guid(58e2eda480b0c6e41a793391a9fb9a72) Importer(2089858483,0ecaa5967403d082aa24f35e1b516d23) [PhysX] Initialized MultithreadedTaskDispatcher with 24 workers.
 -> (artifact id: 'f8d9e97839177d25d12e1e1e929c67db') in 0.001571 seconds
Number of updated asset objects reloaded before import = 0
Number of asset objects unloaded after import = 1
========================================================================
Received Import Request.
  Time since last request: 0.000030 seconds.
  path: Assets/XLua/Examples/08_Hotfix/HotfixTest2.cs
  artifactKey: Guid(beae9af8e5f127546a20bde154f9a580) Importer(2089858483,0ecaa5967403d082aa24f35e1b516d23)
Start importing Assets/XLua/Examples/08_Hotfix/HotfixTest2.cs using Guid(beae9af8e5f127546a20bde154f9a580) Importer(2089858483,0ecaa5967403d082aa24f35e1b516d23) [PhysX] Initialized MultithreadedTaskDispatcher with 24 workers.
 -> (artifact id: '3f30823e407463bb68ab7e0c14d95d7d') in 0.001824 seconds
Number of updated asset objects reloaded before import = 0
Number of asset objects unloaded after import = 1
========================================================================
Received Import Request.
  Time since last request: 0.000111 seconds.
  path: Assets/XLua/Doc/compatible_bytecode.md
  artifactKey: Guid(9ace0cd26c96dc6468f5e054d8168b43) Importer(2089858483,0ecaa5967403d082aa24f35e1b516d23)
Start importing Assets/XLua/Doc/compatible_bytecode.md using Guid(9ace0cd26c96dc6468f5e054d8168b43) Importer(2089858483,0ecaa5967403d082aa24f35e1b516d23) [PhysX] Initialized MultithreadedTaskDispatcher with 24 workers.
 -> (artifact id: '5b0f6ab647d23a7824a5cfab77a42f4c') in 0.002180 seconds
Number of updated asset objects reloaded before import = 0
Number of asset objects unloaded after import = 1
========================================================================
Received Import Request.
  Time since last request: 0.000091 seconds.
  path: Assets/XLua/Examples/11_RawObject/RawObjectTest.cs
  artifactKey: Guid(5c9d37dc5ac4e44448bd8858d68604e5) Importer(2089858483,0ecaa5967403d082aa24f35e1b516d23)
Start importing Assets/XLua/Examples/11_RawObject/RawObjectTest.cs using Guid(5c9d37dc5ac4e44448bd8858d68604e5) Importer(2089858483,0ecaa5967403d082aa24f35e1b516d23) [PhysX] Initialized MultithreadedTaskDispatcher with 24 workers.
 -> (artifact id: 'c84974e63217ba6337733e1987b9d792') in 0.001542 seconds
Number of updated asset objects reloaded before import = 0
Number of asset objects unloaded after import = 1
========================================================================
Received Import Request.
  Time since last request: 0.000053 seconds.
  path: Assets/XLua/Src/RawObject.cs
  artifactKey: Guid(f3f2b65020c56dc4985af0768b06c63c) Importer(2089858483,0ecaa5967403d082aa24f35e1b516d23)
Start importing Assets/XLua/Src/RawObject.cs using Guid(f3f2b65020c56dc4985af0768b06c63c) Importer(2089858483,0ecaa5967403d082aa24f35e1b516d23) [PhysX] Initialized MultithreadedTaskDispatcher with 24 workers.
 -> (artifact id: 'cb4a9a48daabfc01782d9b27e9c110ce') in 0.001369 seconds
Number of updated asset objects reloaded before import = 0
Number of asset objects unloaded after import = 1
========================================================================
Received Import Request.
  Time since last request: 0.000023 seconds.
  path: Assets/XLua/Src/DelegateBridge.cs
  artifactKey: Guid(b8c4165852e3e92468656dc6efb30a28) Importer(2089858483,0ecaa5967403d082aa24f35e1b516d23)
Start importing Assets/XLua/Src/DelegateBridge.cs using Guid(b8c4165852e3e92468656dc6efb30a28) Importer(2089858483,0ecaa5967403d082aa24f35e1b516d23) [PhysX] Initialized MultithreadedTaskDispatcher with 24 workers.
 -> (artifact id: '7d79b5df15c4fb6d6d2442f9b39c1f43') in 0.001860 seconds
Number of updated asset objects reloaded before import = 0
Number of asset objects unloaded after import = 1
========================================================================
Received Import Request.
  Time since last request: 0.000049 seconds.
  path: Assets/XLua/Examples/08_Hotfix/StatefullTest.cs
  artifactKey: Guid(b093a617e1bf7984c8824ba9d40afbe0) Importer(2089858483,0ecaa5967403d082aa24f35e1b516d23)
Start importing Assets/XLua/Examples/08_Hotfix/StatefullTest.cs using Guid(b093a617e1bf7984c8824ba9d40afbe0) Importer(2089858483,0ecaa5967403d082aa24f35e1b516d23) [PhysX] Initialized MultithreadedTaskDispatcher with 24 workers.
 -> (artifact id: 'c883d26888600f80b7f7779960a33ec0') in 0.001379 seconds
Number of updated asset objects reloaded before import = 0
Number of asset objects unloaded after import = 1
========================================================================
Received Import Request.
  Time since last request: 0.000009 seconds.
  path: Assets/XLua/Src/GenericDelegateBridge.cs
  artifactKey: Guid(1bd0a3260371756449c4f642cc7ead00) Importer(2089858483,0ecaa5967403d082aa24f35e1b516d23)
Start importing Assets/XLua/Src/GenericDelegateBridge.cs using Guid(1bd0a3260371756449c4f642cc7ead00) Importer(2089858483,0ecaa5967403d082aa24f35e1b516d23) [PhysX] Initialized MultithreadedTaskDispatcher with 24 workers.
 -> (artifact id: '192d3ae692b794bd9b56a4419cc0a94a') in 0.001702 seconds
Number of updated asset objects reloaded before import = 0
Number of asset objects unloaded after import = 1
========================================================================
Received Import Request.
  Time since last request: 0.000054 seconds.
  path: Assets/XLua/Examples/04_LuaObjectOrented/InvokeLua.unity
  artifactKey: Guid(554d570d8b369434ba8a099ebafee542) Importer(2089858483,0ecaa5967403d082aa24f35e1b516d23)
Start importing Assets/XLua/Examples/04_LuaObjectOrented/InvokeLua.unity using Guid(554d570d8b369434ba8a099ebafee542) Importer(2089858483,0ecaa5967403d082aa24f35e1b516d23) [PhysX] Initialized MultithreadedTaskDispatcher with 24 workers.
 -> (artifact id: 'e1e82e172806a7e081d288de4a65b299') in 0.001337 seconds
Number of updated asset objects reloaded before import = 0
Number of asset objects unloaded after import = 1
========================================================================
Received Import Request.
  Time since last request: 0.000016 seconds.
  path: Assets/Plugins/WSA/x86/xlua.dll
  artifactKey: Guid(3fd23a6414095674493657a67a8043a1) Importer(2089858483,0ecaa5967403d082aa24f35e1b516d23)
Start importing Assets/Plugins/WSA/x86/xlua.dll using Guid(3fd23a6414095674493657a67a8043a1) Importer(2089858483,0ecaa5967403d082aa24f35e1b516d23) [PhysX] Initialized MultithreadedTaskDispatcher with 24 workers.
 -> (artifact id: '6cd7e61b3069e1de64d07c7c62993fa3') in 0.002298 seconds
Number of updated asset objects reloaded before import = 0
Number of asset objects unloaded after import = 1
========================================================================
Received Import Request.
  Time since last request: 0.000110 seconds.
  path: Assets/XLua/Examples/02_U3DScripting/LuaBehaviour.cs
  artifactKey: Guid(b9173d38911503c4a9a371b0760bdd15) Importer(2089858483,0ecaa5967403d082aa24f35e1b516d23)
Start importing Assets/XLua/Examples/02_U3DScripting/LuaBehaviour.cs using Guid(b9173d38911503c4a9a371b0760bdd15) Importer(2089858483,0ecaa5967403d082aa24f35e1b516d23) [PhysX] Initialized MultithreadedTaskDispatcher with 24 workers.
 -> (artifact id: '70bb6b232b29ba0cfa86903a23fc0f03') in 0.002068 seconds
Number of updated asset objects reloaded before import = 0
Number of asset objects unloaded after import = 1
========================================================================
Received Import Request.
  Time since last request: 0.000045 seconds.
  path: Assets/XLua/Doc/configure.md
  artifactKey: Guid(8e8a250c7dbdf6b48ae79313470374dc) Importer(2089858483,0ecaa5967403d082aa24f35e1b516d23)
Start importing Assets/XLua/Doc/configure.md using Guid(8e8a250c7dbdf6b48ae79313470374dc) Importer(2089858483,0ecaa5967403d082aa24f35e1b516d23) [PhysX] Initialized MultithreadedTaskDispatcher with 24 workers.
 -> (artifact id: '9901ea377a246a0193acb0b87778cb2d') in 0.001451 seconds
Number of updated asset objects reloaded before import = 0
Number of asset objects unloaded after import = 1
========================================================================
Received Import Request.
  Time since last request: 0.000016 seconds.
  path: Assets/XLua/Doc/Configure_EN.md
  artifactKey: Guid(198070d8475ff3043b6c72a906feebee) Importer(2089858483,0ecaa5967403d082aa24f35e1b516d23)
Start importing Assets/XLua/Doc/Configure_EN.md using Guid(198070d8475ff3043b6c72a906feebee) Importer(2089858483,0ecaa5967403d082aa24f35e1b516d23) [PhysX] Initialized MultithreadedTaskDispatcher with 24 workers.
 -> (artifact id: '759f677a416d11c07bb42e7f9ab2754c') in 0.001087 seconds
Number of updated asset objects reloaded before import = 0
Number of asset objects unloaded after import = 1
========================================================================
Received Import Request.
  Time since last request: 0.000063 seconds.
  path: Assets/XLua/Doc/XLua_API_EN.md
  artifactKey: Guid(563bce1ceae59334c860773faa7b3a7a) Importer(2089858483,0ecaa5967403d082aa24f35e1b516d23)
Start importing Assets/XLua/Doc/XLua_API_EN.md using Guid(563bce1ceae59334c860773faa7b3a7a) Importer(2089858483,0ecaa5967403d082aa24f35e1b516d23) [PhysX] Initialized MultithreadedTaskDispatcher with 24 workers.
 -> (artifact id: '337ca6f5d29d1651019250f55f735f10') in 0.002133 seconds
Number of updated asset objects reloaded before import = 0
Number of asset objects unloaded after import = 1
========================================================================
Received Import Request.
  Time since last request: 0.000075 seconds.
  path: Assets/XLua/Examples/06_Coroutine/Coroutine.unity
  artifactKey: Guid(15727d4119afc7a47b7d3284ca6990db) Importer(2089858483,0ecaa5967403d082aa24f35e1b516d23)
Start importing Assets/XLua/Examples/06_Coroutine/Coroutine.unity using Guid(15727d4119afc7a47b7d3284ca6990db) Importer(2089858483,0ecaa5967403d082aa24f35e1b516d23) [PhysX] Initialized MultithreadedTaskDispatcher with 24 workers.
 -> (artifact id: '3412b2990ee71a4e143a2fa6d0845ff2') in 0.001316 seconds
Number of updated asset objects reloaded before import = 0
Number of asset objects unloaded after import = 1
========================================================================
Received Import Request.
  Time since last request: 0.000060 seconds.
  path: Assets/XLua/Examples/06_Coroutine/CoroutineTest.cs
  artifactKey: Guid(07b1a6730b144ab479c11ab079e2eb68) Importer(2089858483,0ecaa5967403d082aa24f35e1b516d23)
Start importing Assets/XLua/Examples/06_Coroutine/CoroutineTest.cs using Guid(07b1a6730b144ab479c11ab079e2eb68) Importer(2089858483,0ecaa5967403d082aa24f35e1b516d23) [PhysX] Initialized MultithreadedTaskDispatcher with 24 workers.
 -> (artifact id: 'a4da8b7bdb6a8c519b2c3adaa6e8302b') in 0.001670 seconds
Number of updated asset objects reloaded before import = 0
Number of asset objects unloaded after import = 1
========================================================================
Received Import Request.
  Time since last request: 0.000011 seconds.
  path: Assets/XLua/Examples/05_NoGc/NoGc.unity
  artifactKey: Guid(fa308fa7f40ec0348addeff1475bb164) Importer(2089858483,0ecaa5967403d082aa24f35e1b516d23)
Start importing Assets/XLua/Examples/05_NoGc/NoGc.unity using Guid(fa308fa7f40ec0348addeff1475bb164) Importer(2089858483,0ecaa5967403d082aa24f35e1b516d23) [PhysX] Initialized MultithreadedTaskDispatcher with 24 workers.
 -> (artifact id: '3848b0ae1068c8e4922dc4da735eb606') in 0.000871 seconds
Number of updated asset objects reloaded before import = 0
Number of asset objects unloaded after import = 1
========================================================================
Received Import Request.
  Time since last request: 0.000013 seconds.
  path: Assets/XLua/Doc/XLua复杂值类型（struct）gc优化指南.md
  artifactKey: Guid(688574fb2ae996243b1cb02ec3a78bee) Importer(2089858483,0ecaa5967403d082aa24f35e1b516d23)
Start importing Assets/XLua/Doc/XLua复杂值类型（struct）gc优化指南.md using Guid(688574fb2ae996243b1cb02ec3a78bee) Importer(2089858483,0ecaa5967403d082aa24f35e1b516d23) [PhysX] Initialized MultithreadedTaskDispatcher with 24 workers.
 -> (artifact id: '722c654943bb7f276246042b2d71ae4b') in 0.001023 seconds
Number of updated asset objects reloaded before import = 0
Number of asset objects unloaded after import = 1
========================================================================
Received Import Request.
  Time since last request: 0.000076 seconds.
  path: Assets/XLua/Examples/09_GenericMethod/GenericMethod.unity
  artifactKey: Guid(19477d725133da049be476cb4caedf7d) Importer(2089858483,0ecaa5967403d082aa24f35e1b516d23)
Start importing Assets/XLua/Examples/09_GenericMethod/GenericMethod.unity using Guid(19477d725133da049be476cb4caedf7d) Importer(2089858483,0ecaa5967403d082aa24f35e1b516d23) [PhysX] Initialized MultithreadedTaskDispatcher with 24 workers.
 -> (artifact id: 'a15c0e853c2bb4f52244ef2562b210e3') in 0.001652 seconds
Number of updated asset objects reloaded before import = 0
Number of asset objects unloaded after import = 1
========================================================================
Received Import Request.
  Time since last request: 0.000049 seconds.
  path: Assets/XLua/Src/LuaException.cs
  artifactKey: Guid(b209468b680ef7d4195de21a39bfcae0) Importer(2089858483,0ecaa5967403d082aa24f35e1b516d23)
Start importing Assets/XLua/Src/LuaException.cs using Guid(b209468b680ef7d4195de21a39bfcae0) Importer(2089858483,0ecaa5967403d082aa24f35e1b516d23) [PhysX] Initialized MultithreadedTaskDispatcher with 24 workers.
 -> (artifact id: '5493e48880eef97dc9d6776b2a0306d5') in 0.001300 seconds
Number of updated asset objects reloaded before import = 0
Number of asset objects unloaded after import = 1
========================================================================
Received Import Request.
  Time since last request: 0.000031 seconds.
  path: Assets/XLua/Src/CodeEmit.cs
  artifactKey: Guid(93ce5fd372271b04199841c920eb0268) Importer(2089858483,0ecaa5967403d082aa24f35e1b516d23)
Start importing Assets/XLua/Src/CodeEmit.cs using Guid(93ce5fd372271b04199841c920eb0268) Importer(2089858483,0ecaa5967403d082aa24f35e1b516d23) [PhysX] Initialized MultithreadedTaskDispatcher with 24 workers.
 -> (artifact id: '12548863d9433bc14fc8f45c1dd4c695') in 0.001173 seconds
Number of updated asset objects reloaded before import = 0
Number of asset objects unloaded after import = 1
========================================================================
Received Import Request.
  Time since last request: 0.000018 seconds.
  path: Assets/XLua/Doc/XLua增加删除第三方lua库.md
  artifactKey: Guid(6a5e50ce3ca4b6140858bd4eb6efc2e9) Importer(2089858483,0ecaa5967403d082aa24f35e1b516d23)
Start importing Assets/XLua/Doc/XLua增加删除第三方lua库.md using Guid(6a5e50ce3ca4b6140858bd4eb6efc2e9) Importer(2089858483,0ecaa5967403d082aa24f35e1b516d23) [PhysX] Initialized MultithreadedTaskDispatcher with 24 workers.
 -> (artifact id: 'f010a56d804f487329dcd5915a532586') in 0.001619 seconds
Number of updated asset objects reloaded before import = 0
Number of asset objects unloaded after import = 1
========================================================================
Received Import Request.
  Time since last request: 0.000055 seconds.
  path: Assets/XLua/Examples/03_UIEvent/ButtonInteraction.lua.txt
  artifactKey: Guid(9b998ff8754d165438f1f34adb4f3d7e) Importer(2089858483,0ecaa5967403d082aa24f35e1b516d23)
Start importing Assets/XLua/Examples/03_UIEvent/ButtonInteraction.lua.txt using Guid(9b998ff8754d165438f1f34adb4f3d7e) Importer(2089858483,0ecaa5967403d082aa24f35e1b516d23) [PhysX] Initialized MultithreadedTaskDispatcher with 24 workers.
 -> (artifact id: '2725f10cc4983f87dd847c1aa02a59ed') in 0.001171 seconds
Number of updated asset objects reloaded before import = 0
Number of asset objects unloaded after import = 1
========================================================================
Received Import Request.
  Time since last request: 0.000054 seconds.
  path: Assets/XLua/Examples/04_LuaObjectOrented/InvokeLua.cs
  artifactKey: Guid(2e190b5ef59b7a84dbb262cfd11f9107) Importer(2089858483,0ecaa5967403d082aa24f35e1b516d23)
Start importing Assets/XLua/Examples/04_LuaObjectOrented/InvokeLua.cs using Guid(2e190b5ef59b7a84dbb262cfd11f9107) Importer(2089858483,0ecaa5967403d082aa24f35e1b516d23) [PhysX] Initialized MultithreadedTaskDispatcher with 24 workers.
 -> (artifact id: '8154fac3002a2166682a5b0185e39b1a') in 0.001421 seconds
Number of updated asset objects reloaded before import = 0
Number of asset objects unloaded after import = 1
========================================================================
Received Import Request.
  Time since last request: 0.000046 seconds.
  path: Assets/XLua/Doc/XLua的配置.doc
  artifactKey: Guid(57c6cf634c35eb146b95206d498cbf99) Importer(2089858483,0ecaa5967403d082aa24f35e1b516d23)
Start importing Assets/XLua/Doc/XLua的配置.doc using Guid(57c6cf634c35eb146b95206d498cbf99) Importer(2089858483,0ecaa5967403d082aa24f35e1b516d23) [PhysX] Initialized MultithreadedTaskDispatcher with 24 workers.
 -> (artifact id: '09c18367e39f18c402aa6edea7a8b186') in 0.001517 seconds
Number of updated asset objects reloaded before import = 0
Number of asset objects unloaded after import = 1
========================================================================
Received Import Request.
  Time since last request: 0.000024 seconds.
  path: Assets/XLua/Examples/07_AsyncTest/AsyncTest.cs
  artifactKey: Guid(b5b2cbe03aa30c446ab56ae6f520277b) Importer(2089858483,0ecaa5967403d082aa24f35e1b516d23)
Start importing Assets/XLua/Examples/07_AsyncTest/AsyncTest.cs using Guid(b5b2cbe03aa30c446ab56ae6f520277b) Importer(2089858483,0ecaa5967403d082aa24f35e1b516d23) [PhysX] Initialized MultithreadedTaskDispatcher with 24 workers.
 -> (artifact id: '1389272066a7cc3e1fea57f48a8600b3') in 0.001357 seconds
Number of updated asset objects reloaded before import = 0
Number of asset objects unloaded after import = 1
========================================================================
Received Import Request.
  Time since last request: 0.000044 seconds.
  path: Assets/XLua/Doc/XLua教程.doc
  artifactKey: Guid(9678cc58c9b40e147b514f7f5122ee20) Importer(2089858483,0ecaa5967403d082aa24f35e1b516d23)
Start importing Assets/XLua/Doc/XLua教程.doc using Guid(9678cc58c9b40e147b514f7f5122ee20) Importer(2089858483,0ecaa5967403d082aa24f35e1b516d23) [PhysX] Initialized MultithreadedTaskDispatcher with 24 workers.
 -> (artifact id: 'e450258a1a5e8c58a7e3bf2d4a0f4985') in 0.001049 seconds
Number of updated asset objects reloaded before import = 0
Number of asset objects unloaded after import = 1
========================================================================
Received Import Request.
  Time since last request: 0.000037 seconds.
  path: Assets/XLua/Examples/08_Hotfix/HotfixTest2.unity
  artifactKey: Guid(eb945840f7055384cbf1a3fb17903afe) Importer(2089858483,0ecaa5967403d082aa24f35e1b516d23)
Start importing Assets/XLua/Examples/08_Hotfix/HotfixTest2.unity using Guid(eb945840f7055384cbf1a3fb17903afe) Importer(2089858483,0ecaa5967403d082aa24f35e1b516d23) [PhysX] Initialized MultithreadedTaskDispatcher with 24 workers.
 -> (artifact id: '3e1d060d554697d51be4e1bcc6a8fff2') in 0.001131 seconds
Number of updated asset objects reloaded before import = 0
Number of asset objects unloaded after import = 1
========================================================================
Received Import Request.
  Time since last request: 0.000056 seconds.
  path: Assets/XLua/Doc/hotfix.md
  artifactKey: Guid(a96cb06c040f28c4aab024ca7634360b) Importer(2089858483,0ecaa5967403d082aa24f35e1b516d23)
Start importing Assets/XLua/Doc/hotfix.md using Guid(a96cb06c040f28c4aab024ca7634360b) Importer(2089858483,0ecaa5967403d082aa24f35e1b516d23) [PhysX] Initialized MultithreadedTaskDispatcher with 24 workers.
 -> (artifact id: '3554e783a29752baf48ff586ddb11ce2') in 0.001389 seconds
Number of updated asset objects reloaded before import = 0
Number of asset objects unloaded after import = 1
========================================================================
Received Import Request.
  Time since last request: 0.000018 seconds.
  path: Assets/XLua/Examples/10_SignatureLoader/signatured1.lua
  artifactKey: Guid(c9d3a7e24d889a7418ad19a390178f88) Importer(2089858483,0ecaa5967403d082aa24f35e1b516d23)
Start importing Assets/XLua/Examples/10_SignatureLoader/signatured1.lua using Guid(c9d3a7e24d889a7418ad19a390178f88) Importer(2089858483,0ecaa5967403d082aa24f35e1b516d23) [PhysX] Initialized MultithreadedTaskDispatcher with 24 workers.
 -> (artifact id: '1aca23b3d772727d43c2621ff307cd66') in 0.001148 seconds
Number of updated asset objects reloaded before import = 0
Number of asset objects unloaded after import = 1
========================================================================
Received Import Request.
  Time since last request: 0.000052 seconds.
  path: Assets/XLua/Doc/XLua教程.md
  artifactKey: Guid(9d871df7bbc973d468622dd10b6f7ea9) Importer(2089858483,0ecaa5967403d082aa24f35e1b516d23)
Start importing Assets/XLua/Doc/XLua教程.md using Guid(9d871df7bbc973d468622dd10b6f7ea9) Importer(2089858483,0ecaa5967403d082aa24f35e1b516d23) [PhysX] Initialized MultithreadedTaskDispatcher with 24 workers.
 -> (artifact id: '6424ca6fae202564b9596cb65de9fdaa') in 0.001050 seconds
Number of updated asset objects reloaded before import = 0
Number of asset objects unloaded after import = 1
========================================================================
Received Import Request.
  Time since last request: 0.000030 seconds.
  path: Assets/XLua/Src/CopyByValue.cs
  artifactKey: Guid(aba23a1792dbc49438a2357566447979) Importer(2089858483,0ecaa5967403d082aa24f35e1b516d23)
Start importing Assets/XLua/Src/CopyByValue.cs using Guid(aba23a1792dbc49438a2357566447979) Importer(2089858483,0ecaa5967403d082aa24f35e1b516d23) [PhysX] Initialized MultithreadedTaskDispatcher with 24 workers.
 -> (artifact id: 'a0f56a2d32ab0bd72f414abb5012a005') in 0.001273 seconds
Number of updated asset objects reloaded before import = 0
Number of asset objects unloaded after import = 1
========================================================================
Received Import Request.
  Time since last request: 0.000036 seconds.
  path: Assets/XLua/Examples/11_RawObject/RawObject.unity
  artifactKey: Guid(338b384cc2d92bf42b28fbe2f172c4ec) Importer(2089858483,0ecaa5967403d082aa24f35e1b516d23)
Start importing Assets/XLua/Examples/11_RawObject/RawObject.unity using Guid(338b384cc2d92bf42b28fbe2f172c4ec) Importer(2089858483,0ecaa5967403d082aa24f35e1b516d23) [PhysX] Initialized MultithreadedTaskDispatcher with 24 workers.
 -> (artifact id: '7a7fb54dcc98a17a2f8475276db66b8f') in 0.001957 seconds
Number of updated asset objects reloaded before import = 0
Number of asset objects unloaded after import = 1
========================================================================
Received Import Request.
  Time since last request: 0.000026 seconds.
  path: Assets/XLua/Src/InternalGlobals.cs
  artifactKey: Guid(bacb817c6d0b48644892c8dc3cb6cfc1) Importer(2089858483,0ecaa5967403d082aa24f35e1b516d23)
Start importing Assets/XLua/Src/InternalGlobals.cs using Guid(bacb817c6d0b48644892c8dc3cb6cfc1) Importer(2089858483,0ecaa5967403d082aa24f35e1b516d23) [PhysX] Initialized MultithreadedTaskDispatcher with 24 workers.
 -> (artifact id: '15ff429becf0bc195745105759729666') in 0.001247 seconds
Number of updated asset objects reloaded before import = 0
Number of asset objects unloaded after import = 1
========================================================================
Received Import Request.
  Time since last request: 0.000035 seconds.
  path: Assets/XLua/Src/ObjectCasters.cs
  artifactKey: Guid(04cef766c4f15b341bcb4659831e6748) Importer(2089858483,0ecaa5967403d082aa24f35e1b516d23)
Start importing Assets/XLua/Src/ObjectCasters.cs using Guid(04cef766c4f15b341bcb4659831e6748) Importer(2089858483,0ecaa5967403d082aa24f35e1b516d23) [PhysX] Initialized MultithreadedTaskDispatcher with 24 workers.
 -> (artifact id: '96bc63170c396dd6298d9db90e1f0697') in 0.001841 seconds
Number of updated asset objects reloaded before import = 0
Number of asset objects unloaded after import = 1
========================================================================
Received Import Request.
  Time since last request: 0.000031 seconds.
  path: Assets/XLua/Examples/10_SignatureLoader/signatured3.lua
  artifactKey: Guid(4ee183ed57618894dab4d3b9a68790cf) Importer(2089858483,0ecaa5967403d082aa24f35e1b516d23)
Start importing Assets/XLua/Examples/10_SignatureLoader/signatured3.lua using Guid(4ee183ed57618894dab4d3b9a68790cf) Importer(2089858483,0ecaa5967403d082aa24f35e1b516d23) [PhysX] Initialized MultithreadedTaskDispatcher with 24 workers.
 -> (artifact id: '7263d55cd6222948fea7fec07f08d3e3') in 0.001030 seconds
Number of updated asset objects reloaded before import = 0
Number of asset objects unloaded after import = 1
========================================================================
Received Import Request.
  Time since last request: 0.000009 seconds.
  path: Assets/XLua/Doc/Materials/logo.mat
  artifactKey: Guid(953e2ba39b9a2d54388919b75877efb7) Importer(2089858483,0ecaa5967403d082aa24f35e1b516d23)
Start importing Assets/XLua/Doc/Materials/logo.mat using Guid(953e2ba39b9a2d54388919b75877efb7) Importer(2089858483,0ecaa5967403d082aa24f35e1b516d23) [PhysX] Initialized MultithreadedTaskDispatcher with 24 workers.
 -> (artifact id: '8ed53e408202e0a46cf9f825d2b09cf6') in 0.030867 seconds
Number of updated asset objects reloaded before import = 0
Number of asset objects unloaded after import = 2
========================================================================
Received Import Request.
  Time since last request: 0.381619 seconds.
  path: Assets/XLua/Examples/14_HotfixAsyncAwait/HotfixAsyncAwaitTest.cs
  artifactKey: Guid(95b78f460e49eea41a858079fd008ef3) Importer(2089858483,0ecaa5967403d082aa24f35e1b516d23)
Start importing Assets/XLua/Examples/14_HotfixAsyncAwait/HotfixAsyncAwaitTest.cs using Guid(95b78f460e49eea41a858079fd008ef3) Importer(2089858483,0ecaa5967403d082aa24f35e1b516d23) [PhysX] Initialized MultithreadedTaskDispatcher with 24 workers.
 -> (artifact id: '5461b3e8cc713fc3dc76e134889527f8') in 0.002801 seconds
Number of updated asset objects reloaded before import = 0
Number of asset objects unloaded after import = 1
========================================================================
Received Import Request.
  Time since last request: 0.000068 seconds.
  path: Assets/XLua/Examples/14_HotfixAsyncAwait/Resources/MyTask1.lua.txt
  artifactKey: Guid(042048e04fec74f41ab573d2a01e5569) Importer(2089858483,0ecaa5967403d082aa24f35e1b516d23)
Start importing Assets/XLua/Examples/14_HotfixAsyncAwait/Resources/MyTask1.lua.txt using Guid(042048e04fec74f41ab573d2a01e5569) Importer(2089858483,0ecaa5967403d082aa24f35e1b516d23) [PhysX] Initialized MultithreadedTaskDispatcher with 24 workers.
 -> (artifact id: '34cb2b1ff0980e2217a8dd6f3f9f32d5') in 0.001548 seconds
Number of updated asset objects reloaded before import = 0
Number of asset objects unloaded after import = 1
========================================================================
Received Import Request.
  Time since last request: 0.000008 seconds.
  path: Assets/XLua/Examples/07_AsyncTest/Resources/message_box.lua.txt
  artifactKey: Guid(8cdad601850bd814c9a22efaff55928f) Importer(2089858483,0ecaa5967403d082aa24f35e1b516d23)
Start importing Assets/XLua/Examples/07_AsyncTest/Resources/message_box.lua.txt using Guid(8cdad601850bd814c9a22efaff55928f) Importer(2089858483,0ecaa5967403d082aa24f35e1b516d23) [PhysX] Initialized MultithreadedTaskDispatcher with 24 workers.
 -> (artifact id: '430e974bc2a373d968e8f1150d764af8') in 0.001627 seconds
Number of updated asset objects reloaded before import = 0
Number of asset objects unloaded after import = 1
========================================================================
Received Import Request.
  Time since last request: 0.000040 seconds.
  path: Assets/XLua/Examples/14_HotfixAsyncAwait/Resources/AsyncMethod1.lua.txt
  artifactKey: Guid(7adbdc2e78a73584b913b58f384be6a8) Importer(2089858483,0ecaa5967403d082aa24f35e1b516d23)
Start importing Assets/XLua/Examples/14_HotfixAsyncAwait/Resources/AsyncMethod1.lua.txt using Guid(7adbdc2e78a73584b913b58f384be6a8) Importer(2089858483,0ecaa5967403d082aa24f35e1b516d23) [PhysX] Initialized MultithreadedTaskDispatcher with 24 workers.
 -> (artifact id: '945aad5af7979b408c8cf66c2d2d000c') in 0.001245 seconds
Number of updated asset objects reloaded before import = 0
Number of asset objects unloaded after import = 1
========================================================================
Received Import Request.
  Time since last request: 0.000034 seconds.
  path: Assets/XLua/Src/Editor/TemplateRef.cs
  artifactKey: Guid(4898604144dd928468ddca1af81d58ae) Importer(2089858483,0ecaa5967403d082aa24f35e1b516d23)
Start importing Assets/XLua/Src/Editor/TemplateRef.cs using Guid(4898604144dd928468ddca1af81d58ae) Importer(2089858483,0ecaa5967403d082aa24f35e1b516d23) [PhysX] Initialized MultithreadedTaskDispatcher with 24 workers.
 -> (artifact id: 'e62440b2e43f2fcb6e4651e8b7686d25') in 0.002027 seconds
Number of updated asset objects reloaded before import = 0
Number of asset objects unloaded after import = 1
========================================================================
Received Import Request.
  Time since last request: 0.000067 seconds.
  path: Assets/XLua/Src/Editor/Template/LuaClassWrap.tpl.txt
  artifactKey: Guid(8503038eabbabe44dac0f5f749d4411a) Importer(2089858483,0ecaa5967403d082aa24f35e1b516d23)
Start importing Assets/XLua/Src/Editor/Template/LuaClassWrap.tpl.txt using Guid(8503038eabbabe44dac0f5f749d4411a) Importer(2089858483,0ecaa5967403d082aa24f35e1b516d23) [PhysX] Initialized MultithreadedTaskDispatcher with 24 workers.
 -> (artifact id: '6d8e3c09be5900cbf92afb65a0411838') in 0.001350 seconds
Number of updated asset objects reloaded before import = 0
Number of asset objects unloaded after import = 1
========================================================================
Received Import Request.
  Time since last request: 0.000027 seconds.
  path: Assets/XLua/Examples/14_HotfixAsyncAwait/HotfixAsyncAwaitTest.unity
  artifactKey: Guid(7ece71c1ce3943d4b8b9d0d2bfdc531d) Importer(2089858483,0ecaa5967403d082aa24f35e1b516d23)
Start importing Assets/XLua/Examples/14_HotfixAsyncAwait/HotfixAsyncAwaitTest.unity using Guid(7ece71c1ce3943d4b8b9d0d2bfdc531d) Importer(2089858483,0ecaa5967403d082aa24f35e1b516d23) [PhysX] Initialized MultithreadedTaskDispatcher with 24 workers.
 -> (artifact id: 'f8d4e7849f0b9132a03b453ee9465b1f') in 0.001356 seconds
Number of updated asset objects reloaded before import = 0
Number of asset objects unloaded after import = 1
========================================================================
Received Import Request.
  Time since last request: 0.000081 seconds.
  path: Assets/XLua/Tutorial/LoadLuaScript/Loader/CustomLoader.unity
  artifactKey: Guid(d51c6b9168a36a24fa5817d79e1277f0) Importer(2089858483,0ecaa5967403d082aa24f35e1b516d23)
Start importing Assets/XLua/Tutorial/LoadLuaScript/Loader/CustomLoader.unity using Guid(d51c6b9168a36a24fa5817d79e1277f0) Importer(2089858483,0ecaa5967403d082aa24f35e1b516d23) [PhysX] Initialized MultithreadedTaskDispatcher with 24 workers.
 -> (artifact id: '0677f86c020a92fd68aee46751a09973') in 0.001646 seconds
Number of updated asset objects reloaded before import = 0
Number of asset objects unloaded after import = 1
========================================================================
Received Import Request.
  Time since last request: 0.000131 seconds.
  path: Assets/XLua/Src/Editor/Template/LuaDelegateWrap.tpl.txt
  artifactKey: Guid(33b33e1cd617f794b8c801a32f3b2539) Importer(2089858483,0ecaa5967403d082aa24f35e1b516d23)
Start importing Assets/XLua/Src/Editor/Template/LuaDelegateWrap.tpl.txt using Guid(33b33e1cd617f794b8c801a32f3b2539) Importer(2089858483,0ecaa5967403d082aa24f35e1b516d23) [PhysX] Initialized MultithreadedTaskDispatcher with 24 workers.
 -> (artifact id: '10334ff37272a18c522dd3d9d585f55a') in 0.001505 seconds
Number of updated asset objects reloaded before import = 0
Number of asset objects unloaded after import = 1
========================================================================
Received Import Request.
  Time since last request: 0.000065 seconds.
  path: Assets/XLua/Examples/10_SignatureLoader/Resources/signatured3.lua.bytes
  artifactKey: Guid(25beaf0816ae33a43b715f68010bbfdd) Importer(2089858483,0ecaa5967403d082aa24f35e1b516d23)
Start importing Assets/XLua/Examples/10_SignatureLoader/Resources/signatured3.lua.bytes using Guid(25beaf0816ae33a43b715f68010bbfdd) Importer(2089858483,0ecaa5967403d082aa24f35e1b516d23) [PhysX] Initialized MultithreadedTaskDispatcher with 24 workers.
 -> (artifact id: 'bd871e121f64cfbfd402a1bca0e00d86') in 0.001845 seconds
Number of updated asset objects reloaded before import = 0
Number of asset objects unloaded after import = 1
========================================================================
Received Import Request.
  Time since last request: 0.000031 seconds.
  path: Assets/XLua/Src/Editor/Template/LuaClassWrapGCM.tpl.txt
  artifactKey: Guid(2bd79d95fd859724283926ad8fa4df30) Importer(2089858483,0ecaa5967403d082aa24f35e1b516d23)
Start importing Assets/XLua/Src/Editor/Template/LuaClassWrapGCM.tpl.txt using Guid(2bd79d95fd859724283926ad8fa4df30) Importer(2089858483,0ecaa5967403d082aa24f35e1b516d23) [PhysX] Initialized MultithreadedTaskDispatcher with 24 workers.
 -> (artifact id: 'c1ff6eba4356d98249ba87b21a6ea50f') in 0.001351 seconds
Number of updated asset objects reloaded before import = 0
Number of asset objects unloaded after import = 1
========================================================================
Received Import Request.
  Time since last request: 0.000036 seconds.
  path: Assets/Plugins/Android/libs/arm64-v8a/libxlua.so
  artifactKey: Guid(6c76d1cfa11c6b741ba30b24d36cbcf2) Importer(2089858483,0ecaa5967403d082aa24f35e1b516d23)
Start importing Assets/Plugins/Android/libs/arm64-v8a/libxlua.so using Guid(6c76d1cfa11c6b741ba30b24d36cbcf2) Importer(2089858483,0ecaa5967403d082aa24f35e1b516d23) [PhysX] Initialized MultithreadedTaskDispatcher with 24 workers.
 -> (artifact id: 'e51f5c954f207bd71132ca07c701818a') in 0.002001 seconds
Number of updated asset objects reloaded before import = 0
Number of asset objects unloaded after import = 1
========================================================================
Received Import Request.
  Time since last request: 0.000037 seconds.
  path: Assets/XLua/Src/Editor/Template/LuaWrapPusher.tpl.txt
  artifactKey: Guid(d1a916469d261d447972d287b6c5b7a0) Importer(2089858483,0ecaa5967403d082aa24f35e1b516d23)
Start importing Assets/XLua/Src/Editor/Template/LuaWrapPusher.tpl.txt using Guid(d1a916469d261d447972d287b6c5b7a0) Importer(2089858483,0ecaa5967403d082aa24f35e1b516d23) [PhysX] Initialized MultithreadedTaskDispatcher with 24 workers.
 -> (artifact id: '38fcfa3f82af68b23b491f59e17feeab') in 0.001719 seconds
Number of updated asset objects reloaded before import = 0
Number of asset objects unloaded after import = 1
========================================================================
Received Import Request.
  Time since last request: 0.000009 seconds.
  path: Assets/XLua/Examples/10_SignatureLoader/Resources/signatured1.lua.bytes
  artifactKey: Guid(44928e4c9a6ef3542b8dc8f3fed4c9d8) Importer(2089858483,0ecaa5967403d082aa24f35e1b516d23)
Start importing Assets/XLua/Examples/10_SignatureLoader/Resources/signatured1.lua.bytes using Guid(44928e4c9a6ef3542b8dc8f3fed4c9d8) Importer(2089858483,0ecaa5967403d082aa24f35e1b516d23) [PhysX] Initialized MultithreadedTaskDispatcher with 24 workers.
 -> (artifact id: '18ed7d5ea93e0d849f5dd92df2598d07') in 0.001223 seconds
Number of updated asset objects reloaded before import = 0
Number of asset objects unloaded after import = 1
========================================================================
Received Import Request.
  Time since last request: 0.000036 seconds.
  path: Assets/XLua/Tutorial/CSharpCallLua/CSCallLua.cs
  artifactKey: Guid(1460b2dff8acf954786a3365fa951084) Importer(2089858483,0ecaa5967403d082aa24f35e1b516d23)
Start importing Assets/XLua/Tutorial/CSharpCallLua/CSCallLua.cs using Guid(1460b2dff8acf954786a3365fa951084) Importer(2089858483,0ecaa5967403d082aa24f35e1b516d23) [PhysX] Initialized MultithreadedTaskDispatcher with 24 workers.
 -> (artifact id: '03116bbb5914dbe24a444f92b06691d2') in 0.001704 seconds
Number of updated asset objects reloaded before import = 0
Number of asset objects unloaded after import = 1
========================================================================
Received Import Request.
  Time since last request: 0.000055 seconds.
  path: Assets/XLua/Src/Editor/LinkXmlGen/LinkXmlGen.tpl.txt
  artifactKey: Guid(384feb229d259f549bbbac9e910b782b) Importer(2089858483,0ecaa5967403d082aa24f35e1b516d23)
Start importing Assets/XLua/Src/Editor/LinkXmlGen/LinkXmlGen.tpl.txt using Guid(384feb229d259f549bbbac9e910b782b) Importer(2089858483,0ecaa5967403d082aa24f35e1b516d23) [PhysX] Initialized MultithreadedTaskDispatcher with 24 workers.
 -> (artifact id: 'dd5b6e65c1ea0e72d8000df3fa5c61e0') in 0.001806 seconds
Number of updated asset objects reloaded before import = 0
Number of asset objects unloaded after import = 1
========================================================================
Received Import Request.
  Time since last request: 0.000037 seconds.
  path: Assets/XLua/Examples/10_SignatureLoader/Resources/signatured2.lua.bytes
  artifactKey: Guid(dfe267f4b0fe1a349a23184f840622bd) Importer(2089858483,0ecaa5967403d082aa24f35e1b516d23)
Start importing Assets/XLua/Examples/10_SignatureLoader/Resources/signatured2.lua.bytes using Guid(dfe267f4b0fe1a349a23184f840622bd) Importer(2089858483,0ecaa5967403d082aa24f35e1b516d23) [PhysX] Initialized MultithreadedTaskDispatcher with 24 workers.
 -> (artifact id: '31d758bec26c0e93bee193c156359465') in 0.001204 seconds
Number of updated asset objects reloaded before import = 0
Number of asset objects unloaded after import = 1
========================================================================
Received Import Request.
  Time since last request: 0.000038 seconds.
  path: Assets/XLua/Tutorial/LoadLuaScript/Loader/CustomLoader.cs
  artifactKey: Guid(dbc67289e99ffa2409f14928b273937c) Importer(2089858483,0ecaa5967403d082aa24f35e1b516d23)
Start importing Assets/XLua/Tutorial/LoadLuaScript/Loader/CustomLoader.cs using Guid(dbc67289e99ffa2409f14928b273937c) Importer(2089858483,0ecaa5967403d082aa24f35e1b516d23) [PhysX] Initialized MultithreadedTaskDispatcher with 24 workers.
 -> (artifact id: 'd21235a7b64fbe480fe125d82519e018') in 0.001886 seconds
Number of updated asset objects reloaded before import = 0
Number of asset objects unloaded after import = 1
========================================================================
Received Import Request.
  Time since last request: 0.000015 seconds.
  path: Assets/XLua/Resources/xlua/util.lua.txt
  artifactKey: Guid(4397ec772c2d41e46a9766cf46b8bec6) Importer(2089858483,0ecaa5967403d082aa24f35e1b516d23)
Start importing Assets/XLua/Resources/xlua/util.lua.txt using Guid(4397ec772c2d41e46a9766cf46b8bec6) Importer(2089858483,0ecaa5967403d082aa24f35e1b516d23) [PhysX] Initialized MultithreadedTaskDispatcher with 24 workers.
 -> (artifact id: '3fe384ca797e4f13260ff40fd1333226') in 0.001647 seconds
Number of updated asset objects reloaded before import = 0
Number of asset objects unloaded after import = 1
========================================================================
Received Import Request.
  Time since last request: 0.000025 seconds.
  path: Assets/XLua/Src/Editor/LinkXmlGen/LinkXmlGen.cs
  artifactKey: Guid(5fa8c6bd6daed854c98654418f48a830) Importer(2089858483,0ecaa5967403d082aa24f35e1b516d23)
Start importing Assets/XLua/Src/Editor/LinkXmlGen/LinkXmlGen.cs using Guid(5fa8c6bd6daed854c98654418f48a830) Importer(2089858483,0ecaa5967403d082aa24f35e1b516d23) [PhysX] Initialized MultithreadedTaskDispatcher with 24 workers.
 -> (artifact id: '2ee0bd56d31fa578bba05feaf40d1179') in 0.001421 seconds
Number of updated asset objects reloaded before import = 0
Number of asset objects unloaded after import = 1
========================================================================
Received Import Request.
  Time since last request: 0.000041 seconds.
  path: Assets/XLua/Examples/14_HotfixAsyncAwait/Resources/AsyncMethod3.lua.txt
  artifactKey: Guid(891ada61bf6814041aaa71aa9e6b3672) Importer(2089858483,0ecaa5967403d082aa24f35e1b516d23)
Start importing Assets/XLua/Examples/14_HotfixAsyncAwait/Resources/AsyncMethod3.lua.txt using Guid(891ada61bf6814041aaa71aa9e6b3672) Importer(2089858483,0ecaa5967403d082aa24f35e1b516d23) [PhysX] Initialized MultithreadedTaskDispatcher with 24 workers.
 -> (artifact id: 'f5510e926f8eb3d25804cdf3886a39e4') in 0.001355 seconds
Number of updated asset objects reloaded before import = 0
Number of asset objects unloaded after import = 1
========================================================================
Received Import Request.
  Time since last request: 0.000043 seconds.
  path: Assets/XLua/Src/Editor/Template/LuaEnumWrapGCM.tpl.txt
  artifactKey: Guid(ea84a5ee7abf8e347a810eb7848add46) Importer(2089858483,0ecaa5967403d082aa24f35e1b516d23)
Start importing Assets/XLua/Src/Editor/Template/LuaEnumWrapGCM.tpl.txt using Guid(ea84a5ee7abf8e347a810eb7848add46) Importer(2089858483,0ecaa5967403d082aa24f35e1b516d23) [PhysX] Initialized MultithreadedTaskDispatcher with 24 workers.
 -> (artifact id: '773362a5be206f26a4e70012fea1b233') in 0.002355 seconds
Number of updated asset objects reloaded before import = 0
Number of asset objects unloaded after import = 1
========================================================================
Received Import Request.
  Time since last request: 0.000028 seconds.
  path: Assets/XLua/Examples/07_AsyncTest/Resources/AlertBox.prefab
  artifactKey: Guid(dbfc57f47cf3853418df75ee656fdf90) Importer(2089858483,0ecaa5967403d082aa24f35e1b516d23)
Start importing Assets/XLua/Examples/07_AsyncTest/Resources/AlertBox.prefab using Guid(dbfc57f47cf3853418df75ee656fdf90) Importer(2089858483,0ecaa5967403d082aa24f35e1b516d23) [PhysX] Initialized MultithreadedTaskDispatcher with 24 workers.
 -> (artifact id: '2b2904ddad92e08519552ed790287df1') in 0.011442 seconds
Number of updated asset objects reloaded before import = 0
Number of asset objects unloaded after import = 23
========================================================================
Received Import Request.
  Time since last request: 0.000011 seconds.
  path: Assets/XLua/Src/Editor/Template/LuaRegister.tpl.txt
  artifactKey: Guid(e416b82ec9fe340458f97cf1e3468ef7) Importer(2089858483,0ecaa5967403d082aa24f35e1b516d23)
Start importing Assets/XLua/Src/Editor/Template/LuaRegister.tpl.txt using Guid(e416b82ec9fe340458f97cf1e3468ef7) Importer(2089858483,0ecaa5967403d082aa24f35e1b516d23) [PhysX] Initialized MultithreadedTaskDispatcher with 24 workers.
 -> (artifact id: 'f4ba0bca8f08f456e12bc555dd75460a') in 0.001329 seconds
Number of updated asset objects reloaded before import = 0
Number of asset objects unloaded after import = 1
========================================================================
Received Import Request.
  Time since last request: 0.000036 seconds.
  path: Assets/XLua/Examples/14_HotfixAsyncAwait/Resources/MyTask.lua.txt
  artifactKey: Guid(88db0679d06b9f042894e74b462bb3ca) Importer(2089858483,0ecaa5967403d082aa24f35e1b516d23)
Start importing Assets/XLua/Examples/14_HotfixAsyncAwait/Resources/MyTask.lua.txt using Guid(88db0679d06b9f042894e74b462bb3ca) Importer(2089858483,0ecaa5967403d082aa24f35e1b516d23) [PhysX] Initialized MultithreadedTaskDispatcher with 24 workers.
 -> (artifact id: '3ff34fc3ab9daeefd602ae466ad3d45c') in 0.001277 seconds
Number of updated asset objects reloaded before import = 0
Number of asset objects unloaded after import = 1
========================================================================
Received Import Request.
  Time since last request: 0.000027 seconds.
  path: Assets/XLua/Examples/10_SignatureLoader/otherfiles/signatured1.lua
  artifactKey: Guid(213d1592ca01d9a4fba0477875fcd2ef) Importer(2089858483,0ecaa5967403d082aa24f35e1b516d23)
Start importing Assets/XLua/Examples/10_SignatureLoader/otherfiles/signatured1.lua using Guid(213d1592ca01d9a4fba0477875fcd2ef) Importer(2089858483,0ecaa5967403d082aa24f35e1b516d23) [PhysX] Initialized MultithreadedTaskDispatcher with 24 workers.
 -> (artifact id: '677e97f4ec0c25c61eae1b4a2da9e855') in 0.002190 seconds
Number of updated asset objects reloaded before import = 0
Number of asset objects unloaded after import = 1
========================================================================
Received Import Request.
  Time since last request: 0.000026 seconds.
  path: Assets/XLua/Resources/perf/profiler.lua.txt
  artifactKey: Guid(4841b87b13a684649aab9de0e72132b7) Importer(2089858483,0ecaa5967403d082aa24f35e1b516d23)
Start importing Assets/XLua/Resources/perf/profiler.lua.txt using Guid(4841b87b13a684649aab9de0e72132b7) Importer(2089858483,0ecaa5967403d082aa24f35e1b516d23) [PhysX] Initialized MultithreadedTaskDispatcher with 24 workers.
 -> (artifact id: '3bccbc2e7726070911663347a23d3ca3') in 0.001526 seconds
Number of updated asset objects reloaded before import = 0
Number of asset objects unloaded after import = 1
========================================================================
Received Import Request.
  Time since last request: 0.000026 seconds.
  path: Assets/Plugins/Android/libs/armeabi-v7a/libxlua.so
  artifactKey: Guid(6e1b2e17cce240d4c8ff5457ac996e0d) Importer(2089858483,0ecaa5967403d082aa24f35e1b516d23)
Start importing Assets/Plugins/Android/libs/armeabi-v7a/libxlua.so using Guid(6e1b2e17cce240d4c8ff5457ac996e0d) Importer(2089858483,0ecaa5967403d082aa24f35e1b516d23) [PhysX] Initialized MultithreadedTaskDispatcher with 24 workers.
 -> (artifact id: '4ef23c5f81715c44205e774fd4287569') in 0.001593 seconds
Number of updated asset objects reloaded before import = 0
Number of asset objects unloaded after import = 1
========================================================================
Received Import Request.
  Time since last request: 0.000069 seconds.
  path: Assets/XLua/Examples/14_HotfixAsyncAwait/Resources/Method1.lua.txt
  artifactKey: Guid(a59f9c8e574bd1e468d14345150310b0) Importer(2089858483,0ecaa5967403d082aa24f35e1b516d23)
Start importing Assets/XLua/Examples/14_HotfixAsyncAwait/Resources/Method1.lua.txt using Guid(a59f9c8e574bd1e468d14345150310b0) Importer(2089858483,0ecaa5967403d082aa24f35e1b516d23) [PhysX] Initialized MultithreadedTaskDispatcher with 24 workers.
 -> (artifact id: '90edb7de9c1671657c28d49d75bcccbf') in 0.002116 seconds
Number of updated asset objects reloaded before import = 0
Number of asset objects unloaded after import = 1
========================================================================
Received Import Request.
  Time since last request: 0.000030 seconds.
  path: Assets/XLua/Resources/perf/memory.lua.txt
  artifactKey: Guid(6a5cba5df35473342b614686c15f8a4c) Importer(2089858483,0ecaa5967403d082aa24f35e1b516d23)
Start importing Assets/XLua/Resources/perf/memory.lua.txt using Guid(6a5cba5df35473342b614686c15f8a4c) Importer(2089858483,0ecaa5967403d082aa24f35e1b516d23) [PhysX] Initialized MultithreadedTaskDispatcher with 24 workers.
 -> (artifact id: '1ab4ba37e33ecbdbeca8613165fa57fe') in 0.001719 seconds
Number of updated asset objects reloaded before import = 0
Number of asset objects unloaded after import = 1
========================================================================
Received Import Request.
  Time since last request: 0.000042 seconds.
  path: Assets/XLua/Tutorial/CSharpCallLua/CSCallLua.unity
  artifactKey: Guid(0b0cb24da8f1e8746b57219f9cb3d794) Importer(2089858483,0ecaa5967403d082aa24f35e1b516d23)
Start importing Assets/XLua/Tutorial/CSharpCallLua/CSCallLua.unity using Guid(0b0cb24da8f1e8746b57219f9cb3d794) Importer(2089858483,0ecaa5967403d082aa24f35e1b516d23) [PhysX] Initialized MultithreadedTaskDispatcher with 24 workers.
 -> (artifact id: '98dd6bb98f83b6e654271131b06b7d56') in 0.001841 seconds
Number of updated asset objects reloaded before import = 0
Number of asset objects unloaded after import = 1
Editor requested this worker to shutdown with reason: Scaling down because of idle timeout
TcpMessagingSession - receive error
AssetImportWorkerClient::OnTransportError - code=2 error=End of file
AssetImportWorker is now disconnected from the server
Process exiting
Exiting without the bug reporter. Application will terminate with return code 0