Using pre-set license
Built from '2022.3/staging' branch; Version is '2022.3.44f1 (c3ae09b9f03c) revision 12824073'; Using compiler version '192829333'; Build Type 'Release'
OS: 'Windows 11  (10.0.22631) 64bit CoreCountrySpecific' Language: 'zh' Physical Memory: 32499 MB
BatchMode: 1, IsHumanControllingUs: 0, StartBugReporterOnCrash: 0, Is64bit: 1, IsPro: 1

COMMAND LINE ARGUMENTS:
D:\Unity\Editor\2022.3.44f1\Editor\Unity.exe
-adb2
-batchMode
-noUpm
-name
AssetImportWorker2
-projectPath
E:/Documents/UnityProjects/xLua
-logFile
Logs/AssetImportWorker2.log
-srvPort
3767
Successfully changed project path to: E:/Documents/UnityProjects/xLua
E:/Documents/UnityProjects/xLua
[UnityMemory] Configuration Parameters - Can be set up in boot.config
    "memorysetup-bucket-allocator-granularity=16"
    "memorysetup-bucket-allocator-bucket-count=8"
    "memorysetup-bucket-allocator-block-size=33554432"
    "memorysetup-bucket-allocator-block-count=8"
    "memorysetup-main-allocator-block-size=16777216"
    "memorysetup-thread-allocator-block-size=16777216"
    "memorysetup-gfx-main-allocator-block-size=16777216"
    "memorysetup-gfx-thread-allocator-block-size=16777216"
    "memorysetup-cache-allocator-block-size=4194304"
    "memorysetup-typetree-allocator-block-size=2097152"
    "memorysetup-profiler-bucket-allocator-granularity=16"
    "memorysetup-profiler-bucket-allocator-bucket-count=8"
    "memorysetup-profiler-bucket-allocator-block-size=33554432"
    "memorysetup-profiler-bucket-allocator-block-count=8"
    "memorysetup-profiler-allocator-block-size=16777216"
    "memorysetup-profiler-editor-allocator-block-size=1048576"
    "memorysetup-temp-allocator-size-main=16777216"
    "memorysetup-job-temp-allocator-block-size=2097152"
    "memorysetup-job-temp-allocator-block-size-background=1048576"
    "memorysetup-job-temp-allocator-reduction-small-platforms=262144"
    "memorysetup-allocator-temp-initial-block-size-main=262144"
    "memorysetup-allocator-temp-initial-block-size-worker=262144"
    "memorysetup-temp-allocator-size-background-worker=32768"
    "memorysetup-temp-allocator-size-job-worker=262144"
    "memorysetup-temp-allocator-size-preload-manager=33554432"
    "memorysetup-temp-allocator-size-nav-mesh-worker=65536"
    "memorysetup-temp-allocator-size-audio-worker=65536"
    "memorysetup-temp-allocator-size-cloud-worker=32768"
    "memorysetup-temp-allocator-size-gi-baking-worker=262144"
    "memorysetup-temp-allocator-size-gfx=262144"
Player connection [5736]  Target information:

Player connection [5736]  * "[IP] 192.168.71.94 [Port] 0 [Flags] 2 [Guid] 3405742885 [EditorId] 3405742885 [Version] 1048832 [Id] WindowsEditor(7,DESKTOP-4RHEKLQ) [Debug] 1 [PackageName] WindowsEditor [ProjectName] Editor" 

Player connection [5736] Host joined multi-casting on [225.0.0.222:54997]...
Player connection [5736] Host joined alternative multi-casting on [225.0.0.222:34997]...
[PhysX] Initialized MultithreadedTaskDispatcher with 24 workers.
Refreshing native plugins compatible for Editor in 1.05 ms, found 1 plugins.
Preloading 0 native plugins for Editor in 0.00 ms.
Initialize engine version: 2022.3.44f1 (c3ae09b9f03c)
[Subsystems] Discovering subsystems at path D:/Unity/Editor/2022.3.44f1/Editor/Data/Resources/UnitySubsystems
[Subsystems] Discovering subsystems at path E:/Documents/UnityProjects/xLua/Assets
GfxDevice: creating device client; threaded=0; jobified=0
Direct3D:
    Version:  Direct3D 11.0 [level 11.1]
    Renderer: NVIDIA GeForce RTX 4070 Laptop GPU (ID=0x2820)
    Vendor:   NVIDIA
    VRAM:     7948 MB
    Driver:   32.0.15.5607
Initialize mono
Mono path[0] = 'D:/Unity/Editor/2022.3.44f1/Editor/Data/Managed'
Mono path[1] = 'D:/Unity/Editor/2022.3.44f1/Editor/Data/MonoBleedingEdge/lib/mono/unityjit-win32'
Mono config path = 'D:/Unity/Editor/2022.3.44f1/Editor/Data/MonoBleedingEdge/etc'
Using monoOptions --debugger-agent=transport=dt_socket,embedding=1,server=y,suspend=n,address=127.0.0.1:56272
Begin MonoManager ReloadAssembly
Registering precompiled unity dll's ...
Register platform support module: D:/Unity/Editor/2022.3.44f1/Editor/Data/PlaybackEngines/WebGLSupport/UnityEditor.WebGL.Extensions.dll
Register platform support module: D:/Unity/Editor/2022.3.44f1/Editor/Data/PlaybackEngines/WindowsStandaloneSupport/UnityEditor.WindowsStandalone.Extensions.dll
Registered in 0.001673 seconds.
- Loaded All Assemblies, in  0.232 seconds
Native extension for WindowsStandalone target not found
Native extension for WebGL target not found
Mono: successfully reloaded assembly
- Finished resetting the current domain, in  0.170 seconds
Domain Reload Profiling: 402ms
	BeginReloadAssembly (64ms)
		ExecutionOrderSort (0ms)
		DisableScriptedObjects (0ms)
		BackupInstance (0ms)
		ReleaseScriptingObjects (0ms)
		CreateAndSetChildDomain (0ms)
	RebuildCommonClasses (21ms)
	RebuildNativeTypeToScriptingClass (7ms)
	initialDomainReloadingComplete (33ms)
	LoadAllAssembliesAndSetupDomain (107ms)
		LoadAssemblies (64ms)
		RebuildTransferFunctionScriptingTraits (0ms)
		AnalyzeDomain (106ms)
			TypeCache.Refresh (105ms)
				TypeCache.ScanAssembly (95ms)
			ScanForSourceGeneratedMonoScriptInfo (0ms)
			ResolveRequiredComponents (0ms)
	FinalizeReload (170ms)
		ReleaseScriptCaches (0ms)
		RebuildScriptCaches (0ms)
		SetupLoadedEditorAssemblies (139ms)
			LogAssemblyErrors (0ms)
			InitializePlatformSupportModulesInManaged (6ms)
			SetLoadedEditorAssemblies (3ms)
			RefreshPlugins (0ms)
			BeforeProcessingInitializeOnLoad (1ms)
			ProcessInitializeOnLoadAttributes (98ms)
			ProcessInitializeOnLoadMethodAttributes (30ms)
			AfterProcessingInitializeOnLoad (0ms)
			EditorAssembliesLoaded (0ms)
		ExecutionOrderSort2 (0ms)
		AwakeInstancesAfterBackupRestoration (0ms)
========================================================================
Worker process is ready to serve import requests
Caller must complete domain reload
Begin MonoManager ReloadAssembly
- Loaded All Assemblies, in  0.132 seconds
Native extension for WindowsStandalone target not found
Native extension for WebGL target not found
Mono: successfully reloaded assembly
- Finished resetting the current domain, in  0.225 seconds
Domain Reload Profiling: 356ms
	BeginReloadAssembly (86ms)
		ExecutionOrderSort (0ms)
		DisableScriptedObjects (4ms)
		BackupInstance (0ms)
		ReleaseScriptingObjects (0ms)
		CreateAndSetChildDomain (13ms)
	RebuildCommonClasses (23ms)
	RebuildNativeTypeToScriptingClass (7ms)
	initialDomainReloadingComplete (12ms)
	LoadAllAssembliesAndSetupDomain (4ms)
		LoadAssemblies (48ms)
		RebuildTransferFunctionScriptingTraits (0ms)
		AnalyzeDomain (3ms)
			TypeCache.Refresh (2ms)
				TypeCache.ScanAssembly (0ms)
			ScanForSourceGeneratedMonoScriptInfo (0ms)
			ResolveRequiredComponents (0ms)
	FinalizeReload (225ms)
		ReleaseScriptCaches (0ms)
		RebuildScriptCaches (0ms)
		SetupLoadedEditorAssemblies (150ms)
			LogAssemblyErrors (0ms)
			InitializePlatformSupportModulesInManaged (4ms)
			SetLoadedEditorAssemblies (4ms)
			RefreshPlugins (0ms)
			BeforeProcessingInitializeOnLoad (15ms)
			ProcessInitializeOnLoadAttributes (109ms)
			ProcessInitializeOnLoadMethodAttributes (17ms)
			AfterProcessingInitializeOnLoad (1ms)
			EditorAssembliesLoaded (0ms)
		ExecutionOrderSort2 (0ms)
		AwakeInstancesAfterBackupRestoration (5ms)
Launched and connected shader compiler UnityShaderCompiler.exe after 0.04 seconds
Refreshing native plugins compatible for Editor in 1.21 ms, found 1 plugins.
Preloading 0 native plugins for Editor in 0.00 ms.
Unloading 61 Unused Serialized files (Serialized files now loaded: 0)
Unloading 3 unused Assets / (48.8 KB). Loaded Objects now: 532.
Memory consumption went from 50.9 MB to 50.9 MB.
Total: 2.130000 ms (FindLiveObjects: 0.035400 ms CreateObjectMapping: 0.004600 ms MarkObjects: 1.998400 ms  DeleteObjects: 0.090600 ms)

AssetImportParameters requested are different than current active one (requested -> active):
  custom:video-decoder-ogg-theora: a1e56fd34408186e4bbccfd4996cb3dc -> 
  custom:container-muxer-webm: aa71ff27fc2769a1b78a27578f13a17b -> 
  custom:container-demuxer-webm: 4f35f7cbe854078d1ac9338744f61a02 -> 
  custom:video-encoder-webm-vp8: eb34c28f22e8b96e1ab97ce403110664 -> 
  custom:video-codec-MediaFoundation-h265: 746d11721c4dcdbdad8f713fa42b33f4 -> 
  custom:CustomObjectIndexerAttribute: 9a22284fe3817be447336de3de66b15e -> 
  custom:audio-encoder-webm-vorbis: bf7c407c2cedff20999df2af8eb42d56 -> 
  custom:framework-win-MediaFoundation: 216162199b28c13a410421893ffa2e32 -> 
  custom:SearchIndexIgnoredProperties: e643bd26f0fe6173181afceb89e7c659 -> 
  custom:container-demuxer-ogg: 62fdf1f143b41e24485cea50d1cbac27 -> 
  custom:video-decoder-webm-vp8: 9c59270c3fd7afecdb556c50c9e8de78 -> 
  custom:audio-decoder-ogg-vorbis: bf7c407c2cedff20999df2af8eb42d56 -> 
  custom:AudioImporter_EditorPlatform: d09bf68614088b80899f8185d706f6e7 -> 
========================================================================
Received Import Request.
  Time since last request: 267121.375403 seconds.
  path: Assets/XLua/Examples/07_AsyncTest/MessageBox.cs
  artifactKey: Guid(20d92fd634185584eb982e0ad93a13a9) Importer(2089858483,0ecaa5967403d082aa24f35e1b516d23)
Start importing Assets/XLua/Examples/07_AsyncTest/MessageBox.cs using Guid(20d92fd634185584eb982e0ad93a13a9) Importer(2089858483,0ecaa5967403d082aa24f35e1b516d23) [PhysX] Initialized MultithreadedTaskDispatcher with 24 workers.
 -> (artifact id: '8f7cb2d2dfa289abb4d42734b7a842f3') in 0.100503 seconds
Number of updated asset objects reloaded before import = 0
Number of asset objects unloaded after import = 1
========================================================================
Received Prepare
Caller must complete domain reload
Begin MonoManager ReloadAssembly
- Loaded All Assemblies, in  0.131 seconds
Native extension for WindowsStandalone target not found
Native extension for WebGL target not found
Mono: successfully reloaded assembly
- Finished resetting the current domain, in  0.208 seconds
Domain Reload Profiling: 339ms
	BeginReloadAssembly (83ms)
		ExecutionOrderSort (0ms)
		DisableScriptedObjects (3ms)
		BackupInstance (0ms)
		ReleaseScriptingObjects (0ms)
		CreateAndSetChildDomain (11ms)
	RebuildCommonClasses (22ms)
	RebuildNativeTypeToScriptingClass (6ms)
	initialDomainReloadingComplete (12ms)
	LoadAllAssembliesAndSetupDomain (8ms)
		LoadAssemblies (50ms)
		RebuildTransferFunctionScriptingTraits (0ms)
		AnalyzeDomain (6ms)
			TypeCache.Refresh (5ms)
				TypeCache.ScanAssembly (1ms)
			ScanForSourceGeneratedMonoScriptInfo (1ms)
			ResolveRequiredComponents (0ms)
	FinalizeReload (208ms)
		ReleaseScriptCaches (0ms)
		RebuildScriptCaches (0ms)
		SetupLoadedEditorAssemblies (134ms)
			LogAssemblyErrors (0ms)
			InitializePlatformSupportModulesInManaged (4ms)
			SetLoadedEditorAssemblies (4ms)
			RefreshPlugins (0ms)
			BeforeProcessingInitializeOnLoad (15ms)
			ProcessInitializeOnLoadAttributes (98ms)
			ProcessInitializeOnLoadMethodAttributes (13ms)
			AfterProcessingInitializeOnLoad (1ms)
			EditorAssembliesLoaded (0ms)
		ExecutionOrderSort2 (0ms)
		AwakeInstancesAfterBackupRestoration (4ms)
Refreshing native plugins compatible for Editor in 0.85 ms, found 1 plugins.
Preloading 0 native plugins for Editor in 0.00 ms.
Unloading 55 Unused Serialized files (Serialized files now loaded: 0)
Unloading 1 unused Assets / (22.8 KB). Loaded Objects now: 532.
Memory consumption went from 50.5 MB to 50.5 MB.
Total: 2.141700 ms (FindLiveObjects: 0.036400 ms CreateObjectMapping: 0.004600 ms MarkObjects: 2.082000 ms  DeleteObjects: 0.017700 ms)

Prepare: number of updated asset objects reloaded= 0
AssetImportParameters requested are different than current active one (requested -> active):
  custom:scripting/monoscript/fileName/LuaFunction.cs: 9f9e88fec2de37a51bb5cc9b6b08d6b9 -> 
  custom:scripting/monoscript/fileName/ObjectTranslator.cs: dd3d0b582d45a9b753aab5e6237efeb3 -> 
  custom:scripting/monoscript/fileName/GenericDelegateBridge.cs: 9b33d1c344798966a03eb7d32474259e -> 
  custom:scripting/monoscript/fileName/Utils.cs: 21b09c20163994f8d9cfc922b9a1b2eb -> 
  custom:scripting/monoscript/fileName/InternalGlobals.cs: 009e626d008ed11807341f4cf6fb3a9c -> 
  custom:video-encoder-webm-vp8: eb34c28f22e8b96e1ab97ce403110664 -> 
  custom:scripting/monoscript/fileName/LuaTable.cs: afc244f7b5f5d0300b37ddf3297901ec -> 
  custom:audio-encoder-webm-vorbis: bf7c407c2cedff20999df2af8eb42d56 -> 
  custom:scripting/monoscript/fileName/CopyByValue.cs: 273cbe68a303e04c83210a0d1b0dbfc8 -> 
  custom:scripting/monoscript/fileName/AsyncTest.cs: 76ce712e1c4d409aac5fa695d71d244a -> 
  custom:video-decoder-webm-vp8: 9c59270c3fd7afecdb556c50c9e8de78 -> 
  custom:scripting/monoscript/fileName/LuaCallCs.cs: 80d51efbfa90ec9a93bf6c4f217fae70 -> 
  custom:scripting/monoscript/fileName/XLuaUnityDefaultConfig.cs: 12ee8270b5ca2ec2875a29a6c838143c -> 
  custom:scripting/monoscript/fileName/LuaEnv.cs: 89231863be1481a3b9e862fc4fbe0062 -> 
  custom:scripting/monoscript/fileName/CoroutineTest.cs: b55b07dbd7b0751be4b88111c51a8597 -> 
  custom:scripting/monoscript/fileName/StaticLuaCallbacks.cs: 9d25aed2b0bb83738cfec7ef5ea55802 -> 
  custom:scripting/precompiled-assembly-types:Assembly-CSharp-Editor: a8112ec85025619fcd1741995f24a7d0 -> 
  custom:container-demuxer-webm: 4f35f7cbe854078d1ac9338744f61a02 -> 
  custom:scripting/monoscript/fileName/TypeExtensions.cs: e625196896b9f66d9c1ea4ac7597fd39 -> 
  custom:scripting/monoscript/fileName/DelegateBridge.cs: 4daef522f87298a8262553f6fd5bf8f2 -> 
  custom:scripting/monoscript/fileName/Generator.cs: 3081cd44c942bb721c41533a36b734d7 -> 
  custom:scripting/monoscript/fileName/RawObject.cs: e4d66a2fce5b764d8103d4567ed38606 -> 
  custom:scripting/monoscript/fileName/ObjectCasters.cs: 0c1ed1f1cf3d518e5e522f4d874c21c2 -> 
  custom:scripting/monoscript/fileName/ExampleConfig.cs: 96766ead2b0a0269b4571117ad9e65bc -> 
  custom:SearchIndexIgnoredProperties: e643bd26f0fe6173181afceb89e7c659 -> 
  custom:scripting/monoscript/fileName/Report.cs: e51741919754948773e5898850c9f663 -> 
  custom:scripting/monoscript/fileName/SignatureLoader.cs: 2543099e1b7f94e78f488961484e5e52 -> 
  custom:scripting/monoscript/fileName/RawObjectTest.cs: af9e06db1e13155c5410c0aa29232eac -> 
  custom:scripting/monoscript/fileName/ExampleGenConfig.cs: 2d21554d83bd53efca28765b954d65c7 -> 
  custom:scripting/monoscript/fileName/HotfixTest2.cs: e6fb5855d637d49dacea7216888e03f7 -> 
  custom:container-muxer-webm: aa71ff27fc2769a1b78a27578f13a17b -> 
  custom:scripting/monoscript/fileName/LuaException.cs: c33171da8599ff6293dbea39eed5f2df -> 
  custom:scripting/monoscript/fileName/CustomLoader.cs: 3c04d951376acd618234995a34635baf -> 
  custom:scripting/monoscript/fileName/TemplateEngine.cs: 196c6eecd2e70276dab2c9a7b0cf2d59 -> 
  custom:video-codec-MediaFoundation-h265: 746d11721c4dcdbdad8f713fa42b33f4 -> 
  custom:scripting/monoscript/fileName/BuildFromCLI.cs: ef1665cfd7adbd546e15cd58c9f7c486 -> 
  custom:scripting/monoscript/fileName/Helloworld.cs: 5df6067a12a0276271ef7e4b2f46b98d -> 
  custom:scripting/monoscript/fileName/NoGc.cs: 468686911b292518222c0fc5fca7afd3 -> 
  custom:scripting/monoscript/fileName/LuaBase.cs: f0e74d4e175e23617aebee3a1fbf3735 -> 
  custom:scripting/monoscript/fileName/TemplateRef.cs: e57f72b6ec3c4672428b8339ce53c07a -> 
  custom:scripting/monoscript/fileName/LuaBehaviour.cs: 8501f2955baa2ae1e4b9dc9f246b814a -> 
  custom:scripting/monoscript/fileName/HotfixTestCfg.cs: a7321a5cbaeb2b6b22c71e624ff03625 -> 
  custom:scripting/monoscript/fileName/MethodWarpsCache.cs: 182591812fc1e7cc805d3eb126c7629a -> 
  custom:scripting/monoscript/fileName/Foo.cs: f1cbde57f1c636c66a444cf720c99995 -> 
  custom:container-demuxer-ogg: 62fdf1f143b41e24485cea50d1cbac27 -> 
  custom:scripting/monoscript/fileName/LinkXmlGen.cs: f26ca07c1d6ecd8bde6b48a50ed6d393 -> 
  custom:scripting/monoscript/fileName/MessageBox.cs: febd8bda4c1c594acb6f720026ed3aee -> 
  custom:audio-decoder-ogg-vorbis: bf7c407c2cedff20999df2af8eb42d56 -> 
  custom:AudioImporter_EditorPlatform: d09bf68614088b80899f8185d706f6e7 -> 
  custom:scripting/monoscript/fileName/CSCallLua.cs: 9d2ef4b275968bd22a483233fb8b554e -> 
  custom:scripting/monoscript/fileName/ObjectTranslatorPool.cs: c088e49ccc65541c1471becee0155ecc -> 
  custom:video-decoder-ogg-theora: a1e56fd34408186e4bbccfd4996cb3dc -> 
  custom:scripting/monoscript/fileName/ByFile.cs: 6f3dfbef5ea17c4620534958e4e26f3b -> 
  custom:scripting/monoscript/fileName/ByString.cs: 71ac2dce49068f904e2150c45e200cdb -> 
  custom:scripting/precompiled-assembly-types:Assembly-CSharp: 2a7e15c555d6c6f739e8178100ceef41 -> 
  custom:scripting/monoscript/fileName/HotfixAsyncAwaitTest.cs: 0877ef2f95a0e48790e79d3dad14438a -> 
  custom:CustomObjectIndexerAttribute: 9a22284fe3817be447336de3de66b15e -> 
  custom:scripting/monoscript/fileName/LuaDLL.cs: 61e98a188b5f49dbf1a755838a97959a -> 
  custom:scripting/monoscript/fileName/GenericMethodExample.cs: c3c4960d5a8b500e2f93697b37d06ae2 -> 
  custom:scripting/monoscript/fileName/HotfixTest.cs: 3960e9f9315d94bf0223f379bfbd4a4a -> 
  custom:scripting/monoscript/fileName/InvokeLua.cs: 7479efa8aadd7aed0020601aa4374477 -> 
  custom:framework-win-MediaFoundation: 216162199b28c13a410421893ffa2e32 -> 
  custom:scripting/monoscript/fileName/ReImplementInLua.cs: ccd60d267132159582621b9635d9b5d9 -> 
  custom:scripting/monoscript/fileName/SignatureLoaderTest.cs: 8c9bdabb3430d1beabc1824b7aff6019 -> 
  custom:scripting/monoscript/fileName/StatefullTest.cs: 5d22c8326914d95b29e418e9d014cf15 -> 
  custom:scripting/monoscript/fileName/GenAttributes.cs: d46b0cff88dfb044f17f4aed96768af1 -> 
  custom:scripting/monoscript/fileName/Coroutine_Runner.cs: 690ad48fe9500ae79da028936c127982 -> 
  custom:scripting/monoscript/fileName/ObjectPool.cs: 41af867cc123c070dfe6b15d45bb5402 -> 
========================================================================
Received Import Request.
  Time since last request: 112.188271 seconds.
  path: Assets/XLua/Examples/01_Helloworld/Helloworld.unity
  artifactKey: Guid(58e2eda480b0c6e41a793391a9fb9a72) Importer(815301076,1909f56bfc062723c751e8b465ee728b)
Start importing Assets/XLua/Examples/01_Helloworld/Helloworld.unity using Guid(58e2eda480b0c6e41a793391a9fb9a72) Importer(815301076,1909f56bfc062723c751e8b465ee728b) [PhysX] Initialized MultithreadedTaskDispatcher with 24 workers.
 -> (artifact id: '59b923b688e61bc1261510a341732c6b') in 0.001942 seconds
Number of updated asset objects reloaded before import = 0
Number of asset objects unloaded after import = 0
========================================================================
Received Import Request.
  Time since last request: 41.300482 seconds.
  path: Assets/XLua/Examples/01_Helloworld/Helloworld.cs
  artifactKey: Guid(480b23bd4e378f2499f8b31ae84b1c05) Importer(815301076,1909f56bfc062723c751e8b465ee728b)
Start importing Assets/XLua/Examples/01_Helloworld/Helloworld.cs using Guid(480b23bd4e378f2499f8b31ae84b1c05) Importer(815301076,1909f56bfc062723c751e8b465ee728b) [PhysX] Initialized MultithreadedTaskDispatcher with 24 workers.
 -> (artifact id: '7902879f9d623c67b64c6ac4bd5594fa') in 0.000382 seconds
Number of updated asset objects reloaded before import = 0
Number of asset objects unloaded after import = 0
========================================================================
Received Import Request.
  Time since last request: 314.845299 seconds.
  path: Assets/XLua/Doc/logo.png
  artifactKey: Guid(6b9f4e2e38c36db40bc5bdfe20038d94) Importer(815301076,1909f56bfc062723c751e8b465ee728b)
Start importing Assets/XLua/Doc/logo.png using Guid(6b9f4e2e38c36db40bc5bdfe20038d94) Importer(815301076,1909f56bfc062723c751e8b465ee728b) [PhysX] Initialized MultithreadedTaskDispatcher with 24 workers.
[PhysX] Initialized MultithreadedTaskDispatcher with 24 workers.
 -> (artifact id: '335cfca9cc4c98b61a661cc6f457873f') in 0.037145 seconds
Number of updated asset objects reloaded before import = 0
Number of asset objects unloaded after import = 2
========================================================================
Received Import Request.
  Time since last request: 10.678984 seconds.
  path: Assets/Plugins/arm64
  artifactKey: Guid(b93f44a9c1c697c4a9b3fe3e7da85120) Importer(815301076,1909f56bfc062723c751e8b465ee728b)
Start importing Assets/Plugins/arm64 using Guid(b93f44a9c1c697c4a9b3fe3e7da85120) Importer(815301076,1909f56bfc062723c751e8b465ee728b) [PhysX] Initialized MultithreadedTaskDispatcher with 24 workers.
 -> (artifact id: '11bca1a906f58a7cf2255ffff0763c7c') in 0.000444 seconds
Number of updated asset objects reloaded before import = 0
Number of asset objects unloaded after import = 0
========================================================================
Received Import Request.
  Time since last request: 11.216740 seconds.
  path: Assets/XLua/Editor/ExampleConfig.cs
  artifactKey: Guid(1b852d3c62124624888d03e611f7b1fc) Importer(815301076,1909f56bfc062723c751e8b465ee728b)
Start importing Assets/XLua/Editor/ExampleConfig.cs using Guid(1b852d3c62124624888d03e611f7b1fc) Importer(815301076,1909f56bfc062723c751e8b465ee728b) [PhysX] Initialized MultithreadedTaskDispatcher with 24 workers.
 -> (artifact id: '17c5c4e58cfc5ac36139d5a76e52d354') in 0.000320 seconds
Number of updated asset objects reloaded before import = 0
Number of asset objects unloaded after import = 0
